###############################################################################
#
# IAR ANSI C/C++ Compiler V7.50.1.10123/W32 for ARM       01/Aug/2018  12:09:46
# Copyright 1999-2015 IAR Systems AB.
#
#    Cpu mode     =  thumb
#    Endian       =  little
#    Source file  =  
#        C:\Users\ShowD\Desktop\LPHD\LPHD_camCore\LPHD_camCore\lib\LPLD\HW\HW_FLEXBUS.c
#    Command line =  
#        C:\Users\ShowD\Desktop\LPHD\LPHD_camCore\LPHD_camCore\lib\LPLD\HW\HW_FLEXBUS.c
#        -D LPLD_K60 -D USE_K60D10 -lCN
#        C:\Users\ShowD\Desktop\LPHD\LPHD_camCore\LPHD_camCore\iar\FLASH\List
#        -lB
#        C:\Users\ShowD\Desktop\LPHD\LPHD_camCore\LPHD_camCore\iar\FLASH\List
#        -o C:\Users\ShowD\Desktop\LPHD\LPHD_camCore\LPHD_camCore\iar\FLASH\Obj
#        --no_cse --no_unroll --no_inline --no_code_motion --no_tbaa
#        --no_clustering --no_scheduling --debug --endian=little
#        --cpu=Cortex-M4 -e --fpu=None --dlib_config "C:\Program Files
#        (x86)\IAR Systems\Embedded Workbench
#        7.3\arm\INC\c\DLib_Config_Normal.h" -I
#        C:\Users\ShowD\Desktop\LPHD\LPHD_camCore\LPHD_camCore\iar\..\app\ -I
#        C:\Users\ShowD\Desktop\LPHD\LPHD_camCore\LPHD_camCore\iar\..\app\camera\
#        -I
#        C:\Users\ShowD\Desktop\LPHD\LPHD_camCore\LPHD_camCore\iar\..\app\led\
#        -I
#        C:\Users\ShowD\Desktop\LPHD\LPHD_camCore\LPHD_camCore\iar\..\app\oled\
#        -I
#        C:\Users\ShowD\Desktop\LPHD\LPHD_camCore\LPHD_camCore\iar\..\app\task\
#        -I
#        C:\Users\ShowD\Desktop\LPHD\LPHD_camCore\LPHD_camCore\iar\..\app\uart\
#        -I
#        C:\Users\ShowD\Desktop\LPHD\LPHD_camCore\LPHD_camCore\iar\..\app\twinCore\
#        -I
#        C:\Users\ShowD\Desktop\LPHD\LPHD_camCore\LPHD_camCore\iar\..\app\mpu6050\
#        -I
#        C:\Users\ShowD\Desktop\LPHD\LPHD_camCore\LPHD_camCore\iar\..\app\nrf\
#        -I
#        C:\Users\ShowD\Desktop\LPHD\LPHD_camCore\LPHD_camCore\iar\..\app\calc\
#        -I
#        C:\Users\ShowD\Desktop\LPHD\LPHD_camCore\LPHD_camCore\iar\..\app\UI\
#        -I
#        C:\Users\ShowD\Desktop\LPHD\LPHD_camCore\LPHD_camCore\iar\..\app\ledArray\
#        -I
#        C:\Users\ShowD\Desktop\LPHD\LPHD_camCore\LPHD_camCore\iar\..\lib\CPU\
#        -I
#        C:\Users\ShowD\Desktop\LPHD\LPHD_camCore\LPHD_camCore\iar\..\lib\common\
#        -I
#        C:\Users\ShowD\Desktop\LPHD\LPHD_camCore\LPHD_camCore\iar\..\lib\LPLD\
#        -I
#        C:\Users\ShowD\Desktop\LPHD\LPHD_camCore\LPHD_camCore\iar\..\lib\LPLD\HW\
#        -I
#        C:\Users\ShowD\Desktop\LPHD\LPHD_camCore\LPHD_camCore\iar\..\lib\LPLD\DEV\
#        -I
#        C:\Users\ShowD\Desktop\LPHD\LPHD_camCore\LPHD_camCore\iar\..\lib\LPLD\FUNC\
#        -I
#        C:\Users\ShowD\Desktop\LPHD\LPHD_camCore\LPHD_camCore\iar\..\lib\uCOS-II\Ports\
#        -I
#        C:\Users\ShowD\Desktop\LPHD\LPHD_camCore\LPHD_camCore\iar\..\lib\uCOS-II\Source\
#        -I
#        C:\Users\ShowD\Desktop\LPHD\LPHD_camCore\LPHD_camCore\iar\..\lib\FatFs\
#        -I
#        C:\Users\ShowD\Desktop\LPHD\LPHD_camCore\LPHD_camCore\iar\..\lib\FatFs\option\
#        -I
#        C:\Users\ShowD\Desktop\LPHD\LPHD_camCore\LPHD_camCore\iar\..\lib\USB\common\
#        -I
#        C:\Users\ShowD\Desktop\LPHD\LPHD_camCore\LPHD_camCore\iar\..\lib\USB\driver\
#        -I
#        C:\Users\ShowD\Desktop\LPHD\LPHD_camCore\LPHD_camCore\iar\..\lib\USB\descriptor\
#        -I
#        C:\Users\ShowD\Desktop\LPHD\LPHD_camCore\LPHD_camCore\iar\..\lib\USB\class\
#        -Ol -I "C:\Program Files (x86)\IAR Systems\Embedded Workbench
#        7.3\arm\CMSIS\Include\" -D ARM_MATH_CM4
#    List file    =  
#        C:\Users\ShowD\Desktop\LPHD\LPHD_camCore\LPHD_camCore\iar\FLASH\List\HW_FLEXBUS.lst
#    Object file  =  
#        C:\Users\ShowD\Desktop\LPHD\LPHD_camCore\LPHD_camCore\iar\FLASH\Obj\HW_FLEXBUS.o
#
###############################################################################

C:\Users\ShowD\Desktop\LPHD\LPHD_camCore\LPHD_camCore\lib\LPLD\HW\HW_FLEXBUS.c
      1          /**
      2           * @file HW_FLEXBUS.c
      3           * @version 3.0[By LPLD]
      4           * @date 2013-06-18
      5           * @brief FLEXBUS底层模块相关函数
      6           *
      7           * 更改建议:不建议修改
      8           *
      9           * 版权所有:北京拉普兰德电子技术有限公司
     10           * http://www.lpld.cn
     11           * mail:support@lpld.cn
     12           *
     13           * @par
     14           * 本代码由拉普兰德[LPLD]开发并维护，并向所有使用者开放源代码。
     15           * 开发者可以随意修使用或改源代码。但本段及以上注释应予以保留。
     16           * 不得更改或删除原版权所有者姓名，二次开发者可以加注二次版权所有者。
     17           * 但应在遵守此协议的基础上，开放源代码、不得出售代码本身。
     18           * 拉普兰德不负责由于使用本代码所带来的任何事故、法律责任或相关不良影响。
     19           * 拉普兰德无义务解释、说明本代码的具体原理、功能、实现方法。
     20           * 除非拉普兰德[LPLD]授权，开发者不得将本代码用于商业产品。
     21           */
     22          
     23          #include "common.h"
     24          #include "HW_FLEXBUS.h"
     25          

   \                                 In section .data, align 4
     26          const uint32* FB_PORT[32] = {(uint32*)&PORTD->PCR[6], (uint32*)&PORTD->PCR[5], (uint32*)&PORTD->PCR[4], (uint32*)&PORTD->PCR[3],
   \                     FB_PORT:
   \   00000000   0x4004C018         DC32 4004C018H, 4004C014H, 4004C010H, 4004C00CH, 4004C008H, 4004B028H
   \              0x4004C014   
   \              0x4004C010   
   \              0x4004C00C   
   \              0x4004C008   
   \              0x4004B028   
   \   00000018   0x4004B024         DC32 4004B024H, 4004B020H, 4004B01CH, 4004B018H, 4004B014H, 4004B010H
   \              0x4004B020   
   \              0x4004B01C   
   \              0x4004B018   
   \              0x4004B014   
   \              0x4004B010   
   \   00000030   0x4004B008         DC32 4004B008H, 4004B004H, 4004B000H, 4004A048H, 4004A044H, 4004A040H
   \              0x4004B004   
   \              0x4004B000   
   \              0x4004A048   
   \              0x4004A044   
   \              0x4004A040   
   \   00000048   0x4004A02C         DC32 4004A02CH, 4004A028H, 4004A024H, 4004A020H, 4004A01CH, 4004A018H
   \              0x4004A028   
   \              0x4004A024   
   \              0x4004A020   
   \              0x4004A01C   
   \              0x4004A018   
   \   00000060   0x4004B03C         DC32 4004B03CH, 4004B038H, 4004B034H, 4004B030H, 4004A05CH, 4004A058H
   \              0x4004B038   
   \              0x4004B034   
   \              0x4004B030   
   \              0x4004A05C   
   \              0x4004A058   
   \   00000078   0x4004A054         DC32 4004A054H, 4004A050H
   \              0x4004A050   
     27                                       (uint32*)&PORTD->PCR[2], (uint32*)&PORTC->PCR[10], (uint32*)&PORTC->PCR[9], (uint32*)&PORTC->PCR[8],
     28                                       (uint32*)&PORTC->PCR[7], (uint32*)&PORTC->PCR[6], (uint32*)&PORTC->PCR[5], (uint32*)&PORTC->PCR[4],
     29                                       (uint32*)&PORTC->PCR[2], (uint32*)&PORTC->PCR[1], (uint32*)&PORTC->PCR[0], (uint32*)&PORTB->PCR[18],
     30                                       (uint32*)&PORTB->PCR[17], (uint32*)&PORTB->PCR[16], (uint32*)&PORTB->PCR[11], (uint32*)&PORTB->PCR[10],
     31                                       (uint32*)&PORTB->PCR[9], (uint32*)&PORTB->PCR[8], (uint32*)&PORTB->PCR[7], (uint32*)&PORTB->PCR[6],
     32                                       (uint32*)&PORTC->PCR[15], (uint32*)&PORTC->PCR[14], (uint32*)&PORTC->PCR[13], (uint32*)&PORTC->PCR[12],
     33                                       (uint32*)&PORTB->PCR[23], (uint32*)&PORTB->PCR[22], (uint32*)&PORTB->PCR[21], (uint32*)&PORTB->PCR[20]};
     34          
     35          /*
     36           * LPLD_FlexBus_Init
     37           * FlexBux通用初始化函数
     38           * 
     39           * 参数:
     40           *    fb_init_struct--FlexBus初始化结构体，
     41           *                        具体定义见FB_InitTypeDef
     42           *
     43           * 输出:
     44           *    0--配置错误
     45           *    1--配置成功
     46           */

   \                                 In section .text, align 4, keep-with-next
     47          uint8 LPLD_FlexBus_Init(FB_InitTypeDef fb_init_struct)
     48          {
   \                     LPLD_FlexBus_Init: (+1)
   \   00000000   0xB40F             PUSH     {R0-R3}
   \   00000002   0xE92D 0x43F0      PUSH     {R4-R9,LR}
     49            FBx Fbx = fb_init_struct.FB_Fbx;
   \   00000006   0xF89D 0x301C      LDRB     R3,[SP, #+28]
     50            uint32 base_addr = fb_init_struct.FB_ChipSelAddress;
   \   0000000A   0xF8DD 0xC020      LDR      R12,[SP, #+32]
     51            uint32 addr_space = fb_init_struct.FB_AddressSpace;
   \   0000000E   0x9809             LDR      R0,[SP, #+36]
     52            uint8 size = fb_init_struct.FB_PortSize;
   \   00000010   0xF89D 0x1028      LDRB     R1,[SP, #+40]
     53            boolean justied = fb_init_struct.FB_IsRightJustied;
   \   00000014   0xF89D 0x2029      LDRB     R2,[SP, #+41]
     54            boolean aa = fb_init_struct.FB_AutoAckEnable;
   \   00000018   0xF89D 0x702A      LDRB     R7,[SP, #+42]
     55            uint8 ws = fb_init_struct.FB_WateStates;
   \   0000001C   0xF89D 0x402B      LDRB     R4,[SP, #+43]
     56            uint8 rah = fb_init_struct.FB_ReadAddrHold; 
   \   00000020   0xF89D 0x502C      LDRB     R5,[SP, #+44]
     57            uint8 wah = fb_init_struct.FB_WriteAddrHold;
   \   00000024   0xF89D 0x602D      LDRB     R6,[SP, #+45]
     58            uint32* pcr;
     59            uint8 n=0;
   \   00000028   0xF05F 0x0E00      MOVS     LR,#+0
     60            
     61            //参数检查
     62            ASSERT( Fbx <= 5);    //判断FB通道号
     63            ASSERT( base_addr >= 0x60000000 && base_addr <= 0xDFFFFFFF);    //判断基地址合法性
     64            ASSERT( addr_space != 0);    //寻址空间大小
     65            ASSERT( size <= 3);    //判断数据位宽
     66            ASSERT( rah <= 3);     //判断读地址保持时间
     67            ASSERT( wah <= 3);     //判断写地址保持时间
     68            
     69            FB->CS[Fbx].CSMR = 0;
   \   0000002C   0xF05F 0x0E00      MOVS     LR,#+0
   \   00000030   0xF8DF 0x8270      LDR.W    R8,??LPLD_FlexBus_Init_0  ;; 0x4000c000
   \   00000034   0xB2DB             UXTB     R3,R3            ;; ZeroExt  R3,R3,#+24,#+24
   \   00000036   0xF05F 0x090C      MOVS     R9,#+12
   \   0000003A   0xFB09 0x8803      MLA      R8,R9,R3,R8
   \   0000003E   0xF8C8 0xE004      STR      LR,[R8, #+4]
     70                
     71            //设置基地址
     72            FB->CS[Fbx].CSAR = base_addr;
   \   00000042   0xF8DF 0xE260      LDR.W    LR,??LPLD_FlexBus_Init_0  ;; 0x4000c000
   \   00000046   0xB2DB             UXTB     R3,R3            ;; ZeroExt  R3,R3,#+24,#+24
   \   00000048   0xF05F 0x080C      MOVS     R8,#+12
   \   0000004C   0xFB08 0xEE03      MLA      LR,R8,R3,LR
   \   00000050   0xF8CE 0xC000      STR      R12,[LR, #+0]
     73            //端口位宽
     74            FB->CS[Fbx].CSCR  = FB_CSCR_PS(size);      
   \   00000054   0xB2C9             UXTB     R1,R1            ;; ZeroExt  R1,R1,#+24,#+24
   \   00000056   0xEA5F 0x1C81      LSLS     R12,R1,#+6
   \   0000005A   0xF01C 0x0CC0      ANDS     R12,R12,#0xC0
   \   0000005E   0xF8DF 0xE244      LDR.W    LR,??LPLD_FlexBus_Init_0  ;; 0x4000c000
   \   00000062   0xB2DB             UXTB     R3,R3            ;; ZeroExt  R3,R3,#+24,#+24
   \   00000064   0xF05F 0x080C      MOVS     R8,#+12
   \   00000068   0xFB08 0xEE03      MLA      LR,R8,R3,LR
   \   0000006C   0xF8CE 0xC008      STR      R12,[LR, #+8]
     75            
     76            if(justied)
   \   00000070   0xB2D2             UXTB     R2,R2            ;; ZeroExt  R2,R2,#+24,#+24
   \   00000072   0x2A00             CMP      R2,#+0
   \   00000074   0xD013             BEQ.N    ??LPLD_FlexBus_Init_1
     77            {
     78              FB->CS[Fbx].CSCR |= FB_CSCR_BLS_MASK;   // 数据右对齐
   \   00000076   0xF8DF 0xC22C      LDR.W    R12,??LPLD_FlexBus_Init_0  ;; 0x4000c000
   \   0000007A   0xB2DB             UXTB     R3,R3            ;; ZeroExt  R3,R3,#+24,#+24
   \   0000007C   0xF05F 0x0E0C      MOVS     LR,#+12
   \   00000080   0xFB0E 0xCC03      MLA      R12,LR,R3,R12
   \   00000084   0xF8DC 0xC008      LDR      R12,[R12, #+8]
   \   00000088   0xF45C 0x7C00      ORRS     R12,R12,#0x200
   \   0000008C   0xF8DF 0xE214      LDR.W    LR,??LPLD_FlexBus_Init_0  ;; 0x4000c000
   \   00000090   0xB2DB             UXTB     R3,R3            ;; ZeroExt  R3,R3,#+24,#+24
   \   00000092   0xF05F 0x080C      MOVS     R8,#+12
   \   00000096   0xFB08 0xEE03      MLA      LR,R8,R3,LR
   \   0000009A   0xF8CE 0xC008      STR      R12,[LR, #+8]
     79            }
     80                
     81            if(aa)    
   \                     ??LPLD_FlexBus_Init_1: (+1)
   \   0000009E   0xB2FF             UXTB     R7,R7            ;; ZeroExt  R7,R7,#+24,#+24
   \   000000A0   0x2F00             CMP      R7,#+0
   \   000000A2   0xD011             BEQ.N    ??LPLD_FlexBus_Init_2
     82            {
     83              FB->CS[Fbx].CSCR |= FB_CSCR_AA_MASK;   //使能内部应答
   \   000000A4   0x4F7F             LDR.N    R7,??LPLD_FlexBus_Init_0  ;; 0x4000c000
   \   000000A6   0xB2DB             UXTB     R3,R3            ;; ZeroExt  R3,R3,#+24,#+24
   \   000000A8   0xF05F 0x0C0C      MOVS     R12,#+12
   \   000000AC   0xFB0C 0x7703      MLA      R7,R12,R3,R7
   \   000000B0   0x68BF             LDR      R7,[R7, #+8]
   \   000000B2   0xF457 0x7780      ORRS     R7,R7,#0x100
   \   000000B6   0xF8DF 0xC1EC      LDR.W    R12,??LPLD_FlexBus_Init_0  ;; 0x4000c000
   \   000000BA   0xB2DB             UXTB     R3,R3            ;; ZeroExt  R3,R3,#+24,#+24
   \   000000BC   0xF05F 0x0E0C      MOVS     LR,#+12
   \   000000C0   0xFB0E 0xCC03      MLA      R12,LR,R3,R12
   \   000000C4   0xF8CC 0x7008      STR      R7,[R12, #+8]
     84            }
     85            
     86            FB->CS[Fbx].CSCR |= FB_CSCR_WS(ws)    // 在内部应答信号之前加入ws个WS
     87                               | FB_CSCR_RDAH(rah)
     88                               | FB_CSCR_WRAH(wah);
   \                     ??LPLD_FlexBus_Init_2: (+1)
   \   000000C8   0x4F76             LDR.N    R7,??LPLD_FlexBus_Init_0  ;; 0x4000c000
   \   000000CA   0xB2DB             UXTB     R3,R3            ;; ZeroExt  R3,R3,#+24,#+24
   \   000000CC   0xF05F 0x0C0C      MOVS     R12,#+12
   \   000000D0   0xFB0C 0x7703      MLA      R7,R12,R3,R7
   \   000000D4   0x68BF             LDR      R7,[R7, #+8]
   \   000000D6   0xB2E4             UXTB     R4,R4            ;; ZeroExt  R4,R4,#+24,#+24
   \   000000D8   0x02A4             LSLS     R4,R4,#+10
   \   000000DA   0xF414 0x447C      ANDS     R4,R4,#0xFC00
   \   000000DE   0xB2ED             UXTB     R5,R5            ;; ZeroExt  R5,R5,#+24,#+24
   \   000000E0   0x04AD             LSLS     R5,R5,#+18
   \   000000E2   0xF415 0x2540      ANDS     R5,R5,#0xC0000
   \   000000E6   0x432C             ORRS     R4,R5,R4
   \   000000E8   0xB2F6             UXTB     R6,R6            ;; ZeroExt  R6,R6,#+24,#+24
   \   000000EA   0x0435             LSLS     R5,R6,#+16
   \   000000EC   0xF415 0x3540      ANDS     R5,R5,#0x30000
   \   000000F0   0x432C             ORRS     R4,R5,R4
   \   000000F2   0x433C             ORRS     R4,R4,R7
   \   000000F4   0x4D6B             LDR.N    R5,??LPLD_FlexBus_Init_0  ;; 0x4000c000
   \   000000F6   0xB2DB             UXTB     R3,R3            ;; ZeroExt  R3,R3,#+24,#+24
   \   000000F8   0x260C             MOVS     R6,#+12
   \   000000FA   0xFB06 0x5503      MLA      R5,R6,R3,R5
   \   000000FE   0x60AC             STR      R4,[R5, #+8]
     89            
     90            //根据寻址空间大小计算基地址掩码
     91            addr_space = (addr_space-1)>>16;
   \   00000100   0x1E40             SUBS     R0,R0,#+1
   \   00000102   0x0C00             LSRS     R0,R0,#+16
     92            FB->CS[Fbx].CSMR = FB_CSMR_BAM(addr_space)  //设置基地址掩码为128K地址空间 =2^n(n=BAM+16)
     93                          | FB_CSMR_V_MASK;    //使能CS信号
   \   00000104   0x0404             LSLS     R4,R0,#+16
   \   00000106   0xF054 0x0401      ORRS     R4,R4,#0x1
   \   0000010A   0x4D66             LDR.N    R5,??LPLD_FlexBus_Init_0  ;; 0x4000c000
   \   0000010C   0xB2DB             UXTB     R3,R3            ;; ZeroExt  R3,R3,#+24,#+24
   \   0000010E   0x260C             MOVS     R6,#+12
   \   00000110   0xFB06 0x5503      MLA      R5,R6,R3,R5
   \   00000114   0x606C             STR      R4,[R5, #+4]
     94            
     95            //使能复用功能的FB_CSn及引脚复用
     96            if(Fbx == FB0)
   \   00000116   0xB2DB             UXTB     R3,R3            ;; ZeroExt  R3,R3,#+24,#+24
   \   00000118   0x2B00             CMP      R3,#+0
   \   0000011A   0xD104             BNE.N    ??LPLD_FlexBus_Init_3
     97            {
     98              PORTD->PCR[1]  = PORT_PCR_MUX(5);       // FB_CS0     
   \   0000011C   0xF44F 0x63A0      MOV      R3,#+1280
   \   00000120   0x4C61             LDR.N    R4,??LPLD_FlexBus_Init_0+0x4  ;; 0x4004c004
   \   00000122   0x6023             STR      R3,[R4, #+0]
   \   00000124   0xE05E             B.N      ??LPLD_FlexBus_Init_4
     99            }
    100            else if(Fbx == FB1)
   \                     ??LPLD_FlexBus_Init_3: (+1)
   \   00000126   0xB2DB             UXTB     R3,R3            ;; ZeroExt  R3,R3,#+24,#+24
   \   00000128   0x2B01             CMP      R3,#+1
   \   0000012A   0xD110             BNE.N    ??LPLD_FlexBus_Init_5
    101            {
    102              FB->CSPMCR &= ~(FB_CSPMCR_GROUP1_MASK);
   \   0000012C   0x4B5F             LDR.N    R3,??LPLD_FlexBus_Init_0+0x8  ;; 0x4000c060
   \   0000012E   0x681B             LDR      R3,[R3, #+0]
   \   00000130   0x011B             LSLS     R3,R3,#+4        ;; ZeroExtS R3,R3,#+4,#+4
   \   00000132   0x091B             LSRS     R3,R3,#+4
   \   00000134   0x4C5D             LDR.N    R4,??LPLD_FlexBus_Init_0+0x8  ;; 0x4000c060
   \   00000136   0x6023             STR      R3,[R4, #+0]
    103              FB->CSPMCR |= FB_CSPMCR_GROUP1(1);      
   \   00000138   0x4B5C             LDR.N    R3,??LPLD_FlexBus_Init_0+0x8  ;; 0x4000c060
   \   0000013A   0x681B             LDR      R3,[R3, #+0]
   \   0000013C   0xF053 0x5380      ORRS     R3,R3,#0x10000000
   \   00000140   0x4C5A             LDR.N    R4,??LPLD_FlexBus_Init_0+0x8  ;; 0x4000c060
   \   00000142   0x6023             STR      R3,[R4, #+0]
    104              PORTD->PCR[0]  = PORT_PCR_MUX(5);       // FB_CS1  
   \   00000144   0xF44F 0x63A0      MOV      R3,#+1280
   \   00000148   0x4C59             LDR.N    R4,??LPLD_FlexBus_Init_0+0xC  ;; 0x4004c000
   \   0000014A   0x6023             STR      R3,[R4, #+0]
   \   0000014C   0xE04A             B.N      ??LPLD_FlexBus_Init_4
    105            }
    106            else if(Fbx == FB2)
   \                     ??LPLD_FlexBus_Init_5: (+1)
   \   0000014E   0xB2DB             UXTB     R3,R3            ;; ZeroExt  R3,R3,#+24,#+24
   \   00000150   0x2B02             CMP      R3,#+2
   \   00000152   0xD110             BNE.N    ??LPLD_FlexBus_Init_6
    107            {
    108              FB->CSPMCR &= ~(FB_CSPMCR_GROUP4_MASK);
   \   00000154   0x4B55             LDR.N    R3,??LPLD_FlexBus_Init_0+0x8  ;; 0x4000c060
   \   00000156   0x681B             LDR      R3,[R3, #+0]
   \   00000158   0xF433 0x2370      BICS     R3,R3,#0xF0000
   \   0000015C   0x4C53             LDR.N    R4,??LPLD_FlexBus_Init_0+0x8  ;; 0x4000c060
   \   0000015E   0x6023             STR      R3,[R4, #+0]
    109              FB->CSPMCR |= FB_CSPMCR_GROUP4(1);     
   \   00000160   0x4B52             LDR.N    R3,??LPLD_FlexBus_Init_0+0x8  ;; 0x4000c060
   \   00000162   0x681B             LDR      R3,[R3, #+0]
   \   00000164   0xF453 0x3380      ORRS     R3,R3,#0x10000
   \   00000168   0x4C50             LDR.N    R4,??LPLD_FlexBus_Init_0+0x8  ;; 0x4000c060
   \   0000016A   0x6023             STR      R3,[R4, #+0]
    110              PORTC->PCR[18]  = PORT_PCR_MUX(5);       // FB_CS2
   \   0000016C   0xF44F 0x63A0      MOV      R3,#+1280
   \   00000170   0x4C50             LDR.N    R4,??LPLD_FlexBus_Init_0+0x10  ;; 0x4004b048
   \   00000172   0x6023             STR      R3,[R4, #+0]
   \   00000174   0xE036             B.N      ??LPLD_FlexBus_Init_4
    111            }
    112            else if(Fbx == FB3)
   \                     ??LPLD_FlexBus_Init_6: (+1)
   \   00000176   0xB2DB             UXTB     R3,R3            ;; ZeroExt  R3,R3,#+24,#+24
   \   00000178   0x2B03             CMP      R3,#+3
   \   0000017A   0xD110             BNE.N    ??LPLD_FlexBus_Init_7
    113            {
    114              FB->CSPMCR &= ~(FB_CSPMCR_GROUP5_MASK);
   \   0000017C   0x4B4B             LDR.N    R3,??LPLD_FlexBus_Init_0+0x8  ;; 0x4000c060
   \   0000017E   0x681B             LDR      R3,[R3, #+0]
   \   00000180   0xF433 0x4370      BICS     R3,R3,#0xF000
   \   00000184   0x4C49             LDR.N    R4,??LPLD_FlexBus_Init_0+0x8  ;; 0x4000c060
   \   00000186   0x6023             STR      R3,[R4, #+0]
    115              FB->CSPMCR |= FB_CSPMCR_GROUP5(1);     
   \   00000188   0x4B48             LDR.N    R3,??LPLD_FlexBus_Init_0+0x8  ;; 0x4000c060
   \   0000018A   0x681B             LDR      R3,[R3, #+0]
   \   0000018C   0xF453 0x5380      ORRS     R3,R3,#0x1000
   \   00000190   0x4C46             LDR.N    R4,??LPLD_FlexBus_Init_0+0x8  ;; 0x4000c060
   \   00000192   0x6023             STR      R3,[R4, #+0]
    116              PORTC->PCR[19]  = PORT_PCR_MUX(5);       // FB_CS3
   \   00000194   0xF44F 0x63A0      MOV      R3,#+1280
   \   00000198   0x4C47             LDR.N    R4,??LPLD_FlexBus_Init_0+0x14  ;; 0x4004b04c
   \   0000019A   0x6023             STR      R3,[R4, #+0]
   \   0000019C   0xE022             B.N      ??LPLD_FlexBus_Init_4
    117            }
    118            else if(Fbx == FB4)
   \                     ??LPLD_FlexBus_Init_7: (+1)
   \   0000019E   0xB2DB             UXTB     R3,R3            ;; ZeroExt  R3,R3,#+24,#+24
   \   000001A0   0x2B04             CMP      R3,#+4
   \   000001A2   0xD10E             BNE.N    ??LPLD_FlexBus_Init_8
    119            {
    120              FB->CSPMCR &= ~(FB_CSPMCR_GROUP2_MASK);
   \   000001A4   0x4B41             LDR.N    R3,??LPLD_FlexBus_Init_0+0x8  ;; 0x4000c060
   \   000001A6   0x681B             LDR      R3,[R3, #+0]
   \   000001A8   0xF033 0x6370      BICS     R3,R3,#0xF000000
   \   000001AC   0x4C3F             LDR.N    R4,??LPLD_FlexBus_Init_0+0x8  ;; 0x4000c060
   \   000001AE   0x6023             STR      R3,[R4, #+0]
    121              FB->CSPMCR |= FB_CSPMCR_GROUP2(0);      
   \   000001B0   0x4B3E             LDR.N    R3,??LPLD_FlexBus_Init_0+0x8  ;; 0x4000c060
   \   000001B2   0x681B             LDR      R3,[R3, #+0]
   \   000001B4   0x4C3D             LDR.N    R4,??LPLD_FlexBus_Init_0+0x8  ;; 0x4000c060
   \   000001B6   0x6023             STR      R3,[R4, #+0]
    122              PORTC->PCR[17]  = PORT_PCR_MUX(5);       // FB_CS4
   \   000001B8   0xF44F 0x63A0      MOV      R3,#+1280
   \   000001BC   0x4C3F             LDR.N    R4,??LPLD_FlexBus_Init_0+0x18  ;; 0x4004b044
   \   000001BE   0x6023             STR      R3,[R4, #+0]
   \   000001C0   0xE010             B.N      ??LPLD_FlexBus_Init_4
    123            }
    124            else if(Fbx == FB5)
   \                     ??LPLD_FlexBus_Init_8: (+1)
   \   000001C2   0xB2DB             UXTB     R3,R3            ;; ZeroExt  R3,R3,#+24,#+24
   \   000001C4   0x2B05             CMP      R3,#+5
   \   000001C6   0xD10D             BNE.N    ??LPLD_FlexBus_Init_4
    125            {
    126              FB->CSPMCR &= ~(FB_CSPMCR_GROUP3_MASK);
   \   000001C8   0x4B38             LDR.N    R3,??LPLD_FlexBus_Init_0+0x8  ;; 0x4000c060
   \   000001CA   0x681B             LDR      R3,[R3, #+0]
   \   000001CC   0xF433 0x0370      BICS     R3,R3,#0xF00000
   \   000001D0   0x4C36             LDR.N    R4,??LPLD_FlexBus_Init_0+0x8  ;; 0x4000c060
   \   000001D2   0x6023             STR      R3,[R4, #+0]
    127              FB->CSPMCR |= FB_CSPMCR_GROUP3(0);     
   \   000001D4   0x4B35             LDR.N    R3,??LPLD_FlexBus_Init_0+0x8  ;; 0x4000c060
   \   000001D6   0x681B             LDR      R3,[R3, #+0]
   \   000001D8   0x4C34             LDR.N    R4,??LPLD_FlexBus_Init_0+0x8  ;; 0x4000c060
   \   000001DA   0x6023             STR      R3,[R4, #+0]
    128              PORTC->PCR[16]  = PORT_PCR_MUX(5);       // FB_CS5
   \   000001DC   0xF44F 0x63A0      MOV      R3,#+1280
   \   000001E0   0x4C37             LDR.N    R4,??LPLD_FlexBus_Init_0+0x1C  ;; 0x4004b040
   \   000001E2   0x6023             STR      R3,[R4, #+0]
    129            }
    130            
    131            //使能总线地址、数据引脚复用功能
    132            //先使能低16位地址总线
    133            for(uint8 i=0; i<16; i++)
   \                     ??LPLD_FlexBus_Init_4: (+1)
   \   000001E4   0x2400             MOVS     R4,#+0
   \   000001E6   0xE007             B.N      ??LPLD_FlexBus_Init_9
    134            {
    135              pcr = (uint32 *)FB_PORT[i];
   \                     ??LPLD_FlexBus_Init_10: (+1)
   \   000001E8   0x4B36             LDR.N    R3,??LPLD_FlexBus_Init_0+0x20
   \   000001EA   0xB2E4             UXTB     R4,R4            ;; ZeroExt  R4,R4,#+24,#+24
   \   000001EC   0xF853 0x3024      LDR      R3,[R3, R4, LSL #+2]
    136              *pcr = PORT_PCR_MUX(5);    
   \   000001F0   0xF44F 0x65A0      MOV      R5,#+1280
   \   000001F4   0x601D             STR      R5,[R3, #+0]
    137            }
   \   000001F6   0x1C64             ADDS     R4,R4,#+1
   \                     ??LPLD_FlexBus_Init_9: (+1)
   \   000001F8   0xB2E4             UXTB     R4,R4            ;; ZeroExt  R4,R4,#+24,#+24
   \   000001FA   0x2C10             CMP      R4,#+16
   \   000001FC   0xDBF4             BLT.N    ??LPLD_FlexBus_Init_10
    138            //使能其余的地址总线
    139            n=16;
   \   000001FE   0xF05F 0x0E10      MOVS     LR,#+16
    140            for(uint8 i=0; i<16; i++)
   \   00000202   0x2400             MOVS     R4,#+0
   \   00000204   0xE00E             B.N      ??LPLD_FlexBus_Init_11
    141            {
    142              if((addr_space>>i)&0x01)
   \                     ??LPLD_FlexBus_Init_12: (+1)
   \   00000206   0x0003             MOVS     R3,R0
   \   00000208   0x40E3             LSRS     R3,R3,R4
   \   0000020A   0x07DB             LSLS     R3,R3,#+31
   \   0000020C   0xD509             BPL.N    ??LPLD_FlexBus_Init_13
    143              {
    144                pcr = (uint32 *)FB_PORT[n++];
   \   0000020E   0x4B2D             LDR.N    R3,??LPLD_FlexBus_Init_0+0x20
   \   00000210   0xFA5F 0xFE8E      UXTB     LR,LR            ;; ZeroExt  LR,LR,#+24,#+24
   \   00000214   0xF853 0x302E      LDR      R3,[R3, LR, LSL #+2]
   \   00000218   0xF11E 0x0E01      ADDS     LR,LR,#+1
    145                *pcr = PORT_PCR_MUX(5); 
   \   0000021C   0xF44F 0x65A0      MOV      R5,#+1280
   \   00000220   0x601D             STR      R5,[R3, #+0]
    146              }
    147            }
   \                     ??LPLD_FlexBus_Init_13: (+1)
   \   00000222   0x1C64             ADDS     R4,R4,#+1
   \                     ??LPLD_FlexBus_Init_11: (+1)
   \   00000224   0xB2E4             UXTB     R4,R4            ;; ZeroExt  R4,R4,#+24,#+24
   \   00000226   0x2C10             CMP      R4,#+16
   \   00000228   0xDBED             BLT.N    ??LPLD_FlexBus_Init_12
    148            //如果是32位宽，则使能高16位
    149            n=0;
   \   0000022A   0xF05F 0x0E00      MOVS     LR,#+0
    150            if(size == 0)
   \   0000022E   0xB2C9             UXTB     R1,R1            ;; ZeroExt  R1,R1,#+24,#+24
   \   00000230   0x2900             CMP      R1,#+0
   \   00000232   0xD102             BNE.N    ??LPLD_FlexBus_Init_14
    151            {   
    152              n=16;
   \   00000234   0xF05F 0x0E10      MOVS     LR,#+16
   \   00000238   0xE010             B.N      ??LPLD_FlexBus_Init_15
    153            }else if(justied==0 && size == 0x10)
   \                     ??LPLD_FlexBus_Init_14: (+1)
   \   0000023A   0xB2D2             UXTB     R2,R2            ;; ZeroExt  R2,R2,#+24,#+24
   \   0000023C   0x2A00             CMP      R2,#+0
   \   0000023E   0xD105             BNE.N    ??LPLD_FlexBus_Init_16
   \   00000240   0xB2C9             UXTB     R1,R1            ;; ZeroExt  R1,R1,#+24,#+24
   \   00000242   0x2910             CMP      R1,#+16
   \   00000244   0xD102             BNE.N    ??LPLD_FlexBus_Init_16
    154            {
    155              n=16;
   \   00000246   0xF05F 0x0E10      MOVS     LR,#+16
   \   0000024A   0xE007             B.N      ??LPLD_FlexBus_Init_15
    156            }else if(justied==0 && size == 0x01)
   \                     ??LPLD_FlexBus_Init_16: (+1)
   \   0000024C   0xB2D2             UXTB     R2,R2            ;; ZeroExt  R2,R2,#+24,#+24
   \   0000024E   0x2A00             CMP      R2,#+0
   \   00000250   0xD104             BNE.N    ??LPLD_FlexBus_Init_15
   \   00000252   0xB2C9             UXTB     R1,R1            ;; ZeroExt  R1,R1,#+24,#+24
   \   00000254   0x2901             CMP      R1,#+1
   \   00000256   0xD101             BNE.N    ??LPLD_FlexBus_Init_15
    157            {
    158              n=8;
   \   00000258   0xF05F 0x0E08      MOVS     LR,#+8
    159            }
    160            if(n!=0)
   \                     ??LPLD_FlexBus_Init_15: (+1)
   \   0000025C   0xFA5F 0xFE8E      UXTB     LR,LR            ;; ZeroExt  LR,LR,#+24,#+24
   \   00000260   0xF1BE 0x0F00      CMP      LR,#+0
   \   00000264   0xD010             BEQ.N    ??LPLD_FlexBus_Init_17
    161            {
    162              for(uint8 i=31; i>31-n; i--)
   \   00000266   0x201F             MOVS     R0,#+31
   \   00000268   0xE007             B.N      ??LPLD_FlexBus_Init_18
    163              {
    164                pcr = (uint32 *)FB_PORT[i];
   \                     ??LPLD_FlexBus_Init_19: (+1)
   \   0000026A   0x4916             LDR.N    R1,??LPLD_FlexBus_Init_0+0x20
   \   0000026C   0xB2C0             UXTB     R0,R0            ;; ZeroExt  R0,R0,#+24,#+24
   \   0000026E   0xF851 0x3020      LDR      R3,[R1, R0, LSL #+2]
    165                *pcr = PORT_PCR_MUX(5);    
   \   00000272   0xF44F 0x61A0      MOV      R1,#+1280
   \   00000276   0x6019             STR      R1,[R3, #+0]
    166              }
   \   00000278   0x1E40             SUBS     R0,R0,#+1
   \                     ??LPLD_FlexBus_Init_18: (+1)
   \   0000027A   0xFA5F 0xFE8E      UXTB     LR,LR            ;; ZeroExt  LR,LR,#+24,#+24
   \   0000027E   0xF1DE 0x011F      RSBS     R1,LR,#+31
   \   00000282   0xB2C0             UXTB     R0,R0            ;; ZeroExt  R0,R0,#+24,#+24
   \   00000284   0x4281             CMP      R1,R0
   \   00000286   0xDBF0             BLT.N    ??LPLD_FlexBus_Init_19
    167            }
    168            
    169            //控制信号线
    170            PORTB->PCR[19] = PORT_PCR_MUX(5);          // fb_oe_b
   \                     ??LPLD_FlexBus_Init_17: (+1)
   \   00000288   0xF44F 0x60A0      MOV      R0,#+1280
   \   0000028C   0x490E             LDR.N    R1,??LPLD_FlexBus_Init_0+0x24  ;; 0x4004a04c
   \   0000028E   0x6008             STR      R0,[R1, #+0]
    171            PORTC->PCR[11] = PORT_PCR_MUX(5);          // fb_rw_b  
   \   00000290   0xF44F 0x60A0      MOV      R0,#+1280
   \   00000294   0x490D             LDR.N    R1,??LPLD_FlexBus_Init_0+0x28  ;; 0x4004b02c
   \   00000296   0x6008             STR      R0,[R1, #+0]
    172                        
    173            return 1;
   \   00000298   0x2001             MOVS     R0,#+1
   \   0000029A   0xE8BD 0x03F0      POP      {R4-R9}
   \   0000029E   0xF85D 0xFB14      LDR      PC,[SP], #+20    ;; return
   \   000002A2   0xBF00             Nop      
   \                     ??LPLD_FlexBus_Init_0:
   \   000002A4   0x4000C000         DC32     0x4000c000
   \   000002A8   0x4004C004         DC32     0x4004c004
   \   000002AC   0x4000C060         DC32     0x4000c060
   \   000002B0   0x4004C000         DC32     0x4004c000
   \   000002B4   0x4004B048         DC32     0x4004b048
   \   000002B8   0x4004B04C         DC32     0x4004b04c
   \   000002BC   0x4004B044         DC32     0x4004b044
   \   000002C0   0x4004B040         DC32     0x4004b040
   \   000002C4   0x........         DC32     FB_PORT
   \   000002C8   0x4004A04C         DC32     0x4004a04c
   \   000002CC   0x4004B02C         DC32     0x4004b02c
    174          }

   Maximum stack usage in bytes:

   .cstack Function
   ------- --------
      44   LPLD_FlexBus_Init


   Section sizes:

   Bytes  Function/Label
   -----  --------------
     128  FB_PORT
     720  LPLD_FlexBus_Init

 
 128 bytes in section .data
 720 bytes in section .text
 
 720 bytes of CODE memory
 128 bytes of DATA memory

Errors: none
Warnings: none
