###############################################################################
#
# IAR ANSI C/C++ Compiler V7.50.1.10123/W32 for ARM       17/Aug/2018  19:49:34
# Copyright 1999-2015 IAR Systems AB.
#
#    Cpu mode     =  thumb
#    Endian       =  little
#    Source file  =  
#        C:\Users\ShowD\Desktop\LPHD\LPHD_camCore\LPHD_camCore\app\ledArray\ledArray.c
#    Command line =  
#        C:\Users\ShowD\Desktop\LPHD\LPHD_camCore\LPHD_camCore\app\ledArray\ledArray.c
#        -D LPLD_K60 -D USE_K60D10 -lCN
#        C:\Users\ShowD\Desktop\LPHD\LPHD_camCore\LPHD_camCore\iar\FLASH\List
#        -lB
#        C:\Users\ShowD\Desktop\LPHD\LPHD_camCore\LPHD_camCore\iar\FLASH\List
#        -o C:\Users\ShowD\Desktop\LPHD\LPHD_camCore\LPHD_camCore\iar\FLASH\Obj
#        --no_cse --no_unroll --no_inline --no_code_motion --no_tbaa
#        --no_clustering --no_scheduling --debug --endian=little
#        --cpu=Cortex-M4 -e --fpu=None --dlib_config "C:\Program Files
#        (x86)\IAR Systems\Embedded Workbench
#        7.3\arm\INC\c\DLib_Config_Normal.h" -I
#        C:\Users\ShowD\Desktop\LPHD\LPHD_camCore\LPHD_camCore\iar\..\app\ -I
#        C:\Users\ShowD\Desktop\LPHD\LPHD_camCore\LPHD_camCore\iar\..\app\camera\
#        -I
#        C:\Users\ShowD\Desktop\LPHD\LPHD_camCore\LPHD_camCore\iar\..\app\led\
#        -I
#        C:\Users\ShowD\Desktop\LPHD\LPHD_camCore\LPHD_camCore\iar\..\app\oled\
#        -I
#        C:\Users\ShowD\Desktop\LPHD\LPHD_camCore\LPHD_camCore\iar\..\app\task\
#        -I
#        C:\Users\ShowD\Desktop\LPHD\LPHD_camCore\LPHD_camCore\iar\..\app\uart\
#        -I
#        C:\Users\ShowD\Desktop\LPHD\LPHD_camCore\LPHD_camCore\iar\..\app\twinCore\
#        -I
#        C:\Users\ShowD\Desktop\LPHD\LPHD_camCore\LPHD_camCore\iar\..\app\mpu6050\
#        -I
#        C:\Users\ShowD\Desktop\LPHD\LPHD_camCore\LPHD_camCore\iar\..\app\nrf\
#        -I
#        C:\Users\ShowD\Desktop\LPHD\LPHD_camCore\LPHD_camCore\iar\..\app\calc\
#        -I
#        C:\Users\ShowD\Desktop\LPHD\LPHD_camCore\LPHD_camCore\iar\..\app\UI\
#        -I
#        C:\Users\ShowD\Desktop\LPHD\LPHD_camCore\LPHD_camCore\iar\..\app\ledArray\
#        -I
#        C:\Users\ShowD\Desktop\LPHD\LPHD_camCore\LPHD_camCore\iar\..\lib\CPU\
#        -I
#        C:\Users\ShowD\Desktop\LPHD\LPHD_camCore\LPHD_camCore\iar\..\lib\common\
#        -I
#        C:\Users\ShowD\Desktop\LPHD\LPHD_camCore\LPHD_camCore\iar\..\lib\LPLD\
#        -I
#        C:\Users\ShowD\Desktop\LPHD\LPHD_camCore\LPHD_camCore\iar\..\lib\LPLD\HW\
#        -I
#        C:\Users\ShowD\Desktop\LPHD\LPHD_camCore\LPHD_camCore\iar\..\lib\LPLD\DEV\
#        -I
#        C:\Users\ShowD\Desktop\LPHD\LPHD_camCore\LPHD_camCore\iar\..\lib\LPLD\FUNC\
#        -I
#        C:\Users\ShowD\Desktop\LPHD\LPHD_camCore\LPHD_camCore\iar\..\lib\uCOS-II\Ports\
#        -I
#        C:\Users\ShowD\Desktop\LPHD\LPHD_camCore\LPHD_camCore\iar\..\lib\uCOS-II\Source\
#        -I
#        C:\Users\ShowD\Desktop\LPHD\LPHD_camCore\LPHD_camCore\iar\..\lib\FatFs\
#        -I
#        C:\Users\ShowD\Desktop\LPHD\LPHD_camCore\LPHD_camCore\iar\..\lib\FatFs\option\
#        -I
#        C:\Users\ShowD\Desktop\LPHD\LPHD_camCore\LPHD_camCore\iar\..\lib\USB\common\
#        -I
#        C:\Users\ShowD\Desktop\LPHD\LPHD_camCore\LPHD_camCore\iar\..\lib\USB\driver\
#        -I
#        C:\Users\ShowD\Desktop\LPHD\LPHD_camCore\LPHD_camCore\iar\..\lib\USB\descriptor\
#        -I
#        C:\Users\ShowD\Desktop\LPHD\LPHD_camCore\LPHD_camCore\iar\..\lib\USB\class\
#        -Ol -I "C:\Program Files (x86)\IAR Systems\Embedded Workbench
#        7.3\arm\CMSIS\Include\" -D ARM_MATH_CM4
#    List file    =  
#        C:\Users\ShowD\Desktop\LPHD\LPHD_camCore\LPHD_camCore\iar\FLASH\List\ledArray.lst
#    Object file  =  
#        C:\Users\ShowD\Desktop\LPHD\LPHD_camCore\LPHD_camCore\iar\FLASH\Obj\ledArray.o
#
###############################################################################

C:\Users\ShowD\Desktop\LPHD\LPHD_camCore\LPHD_camCore\app\ledArray\ledArray.c
      1          #include "ledArray.h"
      2          
      3          /****Discription**********************************************/
      4          
      5          /*
      6          	0.先调用ledArray.Init()再使用本驱动
      7          	1.当需要修改某一个或者某几个灯的状态，
      8          		使用ledArray.Set(int , int);来达到目的
      9          		第一个参数为LED的编号，可以使用LED(x)宏来做参数，还有LED0_7	LED8_15
     10          			可以用 | 操作符
     11          		第二个参数为状态，第一个参数选中的LED编号全部会变为这个状态
     12          			可选的状态为LEDARRAY_ON或者LEDARRAY_OFF
     13          	2.当需要同时修改所有LED的状态而且每个LED状态可能不同时
     14          		使用ledArray.Show(int);来达到目的
     15          		只有一个参数，这个参数的低16位分别代表16个灯的状态
     16          	3.如果要显示字符，可以用字模提取软件提取16个像素高的字体
     17          		将提取到的字模替换掉本文件下的CH16x16数组中的元素
     18          		将本文件下的LEDARRAY_CHNUM宏改为要显示的字符数
     19          		再周期性地调用ledArray.Go();来循环显示字符
     20          		周期调用的周期时间取决于运动的快慢
     21          
     22          	@Time	2018-08-01
     23          	@Author	郭帆
     24          	@Usefor	摇摇棒16灯驱动，用字模提取来显示东西
     25          */
     26          
     27          /****Definitions**********************************************/
     28          
     29          #define LEDARRAY_CHNUM	4
     30          
     31          #define LEDARRAY_PTx1	PTA
     32          #define LEDARRAY_PTx2	PTB
     33          #define LEDARRAY_Pinx1	GPIO_Pin24 | GPIO_Pin25 | GPIO_Pin26 | GPIO_Pin27 | GPIO_Pin28 | GPIO_Pin29
     34          #define LEDARRAY_Pinx2	GPIO_Pin0_7 | GPIO_Pin18 | GPIO_Pin19
     35          
     36          #define LED0(x)			PTA24_O = x
     37          #define LED1(x)			PTA25_O = x
     38          #define LED2(x)			PTA26_O = x
     39          #define LED3(x)			PTA27_O = x
     40          #define LED4(x)			PTA28_O = x
     41          #define LED5(x)			PTA29_O = x
     42          #define LED6(x)			PTB0_O  = x
     43          #define LED7(x)			PTB1_O  = x
     44          #define LED8(x)			PTB2_O  = x
     45          #define LED9(x)			PTB3_O  = x
     46          #define LED10(x)		PTB4_O  = x
     47          #define LED11(x)		PTB5_O  = x
     48          #define LED12(x)		PTB6_O  = x
     49          #define LED13(x)		PTB7_O  = x
     50          #define LED14(x)		PTB18_O = x
     51          #define LED15(x)		PTB19_O = x
     52          
     53          /****Functions************************************************/
     54          
     55          void LEDARRAY_Init(void);
     56          void LEDARRAY_Set(int ledNum, int state);
     57          void LEDARRAY_Show(int state);
     58          void LEDARRAY_Go(void);
     59          
     60          /****Variables************************************************/
     61          

   \                                 In section .rodata, align 4
     62          static const char CH16x16[][32] =
   \                     CH16x16:
   \   00000000   0x10 0x10          DC8 16, 16, 16, 255, 144, 64, 16, 144, 16, 17, 22, 16, 16, 208, 16, 0
   \              0x10 0xFF    
   \              0x90 0x40    
   \              0x10 0x90    
   \              0x10 0x11    
   \              0x16 0x10    
   \              0x10 0xD0    
   \              0x10 0x00    
   \   00000010   0x02 0x42          DC8 2, 66, 129, 127, 0, 64, 64, 65, 94, 64, 64, 112, 78, 65, 64, 0, 64
   \              0x81 0x7F    
   \              0x00 0x40    
   \              0x40 0x41    
   \              0x5E 0x40    
   \              0x40 0x70    
   \              0x4E 0x41    
   \              0x40 0x00    
   \              0x40         
   \   00000021   0x44 0x54          DC8 68, 84, 100, 69, 126, 68, 68, 68, 126, 69, 100, 84, 68, 64, 0, 0, 0
   \              0x64 0x45    
   \              0x7E 0x44    
   \              0x44 0x44    
   \              0x7E 0x45    
   \              0x64 0x54    
   \              0x44 0x40    
   \              0x00 0x00    
   \              0x00         
   \   00000032   0x00 0xFF          DC8 0, 255, 73, 73, 73, 73, 73, 73, 73, 255, 0, 0, 0, 0, 0, 0, 62, 34
   \              0x49 0x49    
   \              0x49 0x49    
   \              0x49 0x49    
   \              0x49 0xFF    
   \              0x00 0x00    
   \              0x00 0x00    
   \              0x00 0x00    
   \              0x3E 0x22    
   \   00000044   0x2A 0x32          DC8 42, 50, 34, 254, 34, 50, 42, 34, 62, 0, 0, 0, 136, 104, 9, 9, 41
   \              0x22 0xFE    
   \              0x22 0x32    
   \              0x2A 0x22    
   \              0x3E 0x00    
   \              0x00 0x00    
   \              0x88 0x68    
   \              0x09 0x09    
   \              0x29         
   \   00000055   0xC9 0x09          DC8 201, 9, 15, 41, 201, 9, 9, 41, 200, 8, 0, 16, 136, 196, 51, 4, 244
   \              0x0F 0x29    
   \              0xC9 0x09    
   \              0x09 0x29    
   \              0xC8 0x08    
   \              0x00 0x10    
   \              0x88 0xC4    
   \              0x33 0x04    
   \              0xF4         
   \   00000066   0x94 0x94          DC8 148, 148, 244, 159, 244, 148, 148, 244, 4, 0, 1, 0, 255, 0, 66, 50
   \              0xF4 0x9F    
   \              0xF4 0x94    
   \              0x94 0xF4    
   \              0x04 0x00    
   \              0x01 0x00    
   \              0xFF 0x00    
   \              0x42 0x32    
   \   00000076   0x02 0x72          DC8 2, 114, 130, 134, 154, 130, 226, 10, 50, 0, 0, 62, 34, 226, 34, 62
   \              0x82 0x86    
   \              0x9A 0x82    
   \              0xE2 0x0A    
   \              0x32 0x00    
   \              0x00 0x3E    
   \              0x22 0xE2    
   \              0x22 0x3E    
   \   00000086   0x10 0xEC          DC8 16, 236, 39, 36, 36, 228, 4, 252, 0, 0, 32, 63, 32, 31, 17, 17, 0
   \              0x27 0x24    
   \              0x24 0xE4    
   \              0x04 0xFC    
   \              0x00 0x00    
   \              0x20 0x3F    
   \              0x20 0x1F    
   \              0x11 0x11    
   \              0x00         
   \   00000097   0x3F 0x42          DC8 63, 66, 66, 74, 83, 72, 71, 112, 0, 252, 4, 252, 0, 254, 66, 190, 0
   \              0x42 0x4A    
   \              0x53 0x48    
   \              0x47 0x70    
   \              0x00 0xFC    
   \              0x04 0xFC    
   \              0x00 0xFE    
   \              0x42 0xBE    
   \              0x00         
   \   000000A8   0xF2 0x12          DC8 242, 18, 242, 2, 254, 2, 0, 0, 15, 4, 15, 0, 255, 16, 15, 0, 15, 4
   \              0xF2 0x02    
   \              0xFE 0x02    
   \              0x00 0x00    
   \              0x0F 0x04    
   \              0x0F 0x00    
   \              0xFF 0x10    
   \              0x0F 0x00    
   \              0x0F 0x04    
   \   000000BA   0x4F 0x80          DC8 79, 128, 127, 0, 0, 0
   \              0x7F 0x00    
   \              0x00 0x00    
     63          {
     64          //	{0xFC,0x44,0xFC,0x44,0xFC,0x20,0x10,0x18,0xA7,0x44,0xA4,0x14,0x0C,0x00,0x00,0x00,
     65          //	0x1F,0x08,0x0F,0x08,0x1F,0x04,0x02,0xFD,0x44,0x44,0x44,0x45,0xFD,0x02,0x02,0x00}, // 略
     66          
     67          	{0x10,0x10,0x10,0xFF,0x90,0x40,0x10,0x90,0x10,0x11,0x16,0x10,0x10,0xD0,0x10,0x00,
     68          	0x02,0x42,0x81,0x7F,0x00,0x40,0x40,0x41,0x5E,0x40,0x40,0x70,0x4E,0x41,0x40,0x00}, // 12 拉
     69          	{0x40,0x44,0x54,0x64,0x45,0x7E,0x44,0x44,0x44,0x7E,0x45,0x64,0x54,0x44,0x40,0x00,
     70          	0x00,0x00,0x00,0xFF,0x49,0x49,0x49,0x49,0x49,0x49,0x49,0xFF,0x00,0x00,0x00,0x00}, // 13 普
     71          	{0x00,0x00,0x3E,0x22,0x2A,0x32,0x22,0xFE,0x22,0x32,0x2A,0x22,0x3E,0x00,0x00,0x00,
     72          	0x88,0x68,0x09,0x09,0x29,0xC9,0x09,0x0F,0x29,0xC9,0x09,0x09,0x29,0xC8,0x08,0x00}, // 14 黑
     73          	{0x10,0x88,0xC4,0x33,0x04,0xF4,0x94,0x94,0xF4,0x9F,0xF4,0x94,0x94,0xF4,0x04,0x00,
     74          	0x01,0x00,0xFF,0x00,0x42,0x32,0x02,0x72,0x82,0x86,0x9A,0x82,0xE2,0x0A,0x32,0x00}, // 15 德
     75          
     76          	{0x00,0x3E,0x22,0xE2,0x22,0x3E,0x10,0xEC,0x27,0x24,0x24,0xE4,0x04,0xFC,0x00,0x00,
     77          	0x20,0x3F,0x20,0x1F,0x11,0x11,0x00,0x3F,0x42,0x42,0x4A,0x53,0x48,0x47,0x70,0x00}, // 跑
     78          
     79          	{0xFC,0x04,0xFC,0x00,0xFE,0x42,0xBE,0x00,0xF2,0x12,0xF2,0x02,0xFE,0x02,0x00,0x00,
     80          	0x0F,0x04,0x0F,0x00,0xFF,0x10,0x0F,0x00,0x0F,0x04,0x4F,0x80,0x7F,0x00,0x00,0x00} // 啊
     81          };
     82          
     83          /****Objects**************************************************/
     84          

   \                                 In section .data, align 4
     85          LEDARRAY_CLASS ledArray =
   \                     ledArray:
   \   00000000   0x........         DC32 LEDARRAY_Init, LEDARRAY_Set, LEDARRAY_Show, LEDARRAY_Go
   \              0x........   
   \              0x........   
   \              0x........   
     86          {
     87          	.Init = &LEDARRAY_Init,
     88          	.Set = &LEDARRAY_Set,
     89          	.Show = &LEDARRAY_Show,
     90          	.Go = &LEDARRAY_Go
     91          };
     92          
     93          /****Functions************************************************/
     94          

   \                                 In section .text, align 2, keep-with-next
     95          void LEDARRAY_Init(void)
     96          {
   \                     LEDARRAY_Init: (+1)
   \   00000000   0xB580             PUSH     {R7,LR}
     97          	static GPIO_InitTypeDef GPIO_InitStructure;
     98          
     99          	GPIO_InitStructure.GPIO_PTx = LEDARRAY_PTx1;
   \   00000002   0x....             LDR.N    R0,??DataTable3  ;; 0x400ff000
   \   00000004   0x....             LDR.N    R1,??DataTable3_1
   \   00000006   0x6008             STR      R0,[R1, #+0]
    100          	GPIO_InitStructure.GPIO_Pins = LEDARRAY_Pinx1;
   \   00000008   0xF05F 0x507C      MOVS     R0,#+1056964608
   \   0000000C   0x....             LDR.N    R1,??DataTable3_1
   \   0000000E   0x6048             STR      R0,[R1, #+4]
    101          	GPIO_InitStructure.GPIO_Dir = DIR_OUTPUT;
   \   00000010   0x2001             MOVS     R0,#+1
   \   00000012   0x....             LDR.N    R1,??DataTable3_1
   \   00000014   0x7308             STRB     R0,[R1, #+12]
    102          	GPIO_InitStructure.GPIO_Output = OUTPUT_H;
   \   00000016   0x2001             MOVS     R0,#+1
   \   00000018   0x....             LDR.N    R1,??DataTable3_1
   \   0000001A   0x7348             STRB     R0,[R1, #+13]
    103          	LPLD_GPIO_Init(GPIO_InitStructure);
   \   0000001C   0x....             LDR.N    R1,??DataTable3_1
   \   0000001E   0xB084             SUB      SP,SP,#+16
   \   00000020   0x4668             MOV      R0,SP
   \   00000022   0x2214             MOVS     R2,#+20
   \   00000024   0x.... 0x....      BL       __aeabi_memcpy4
   \   00000028   0xBC0F             POP      {R0-R3}
   \   0000002A   0x.... 0x....      BL       LPLD_GPIO_Init
    104          
    105          	GPIO_InitStructure.GPIO_PTx = LEDARRAY_PTx2;
   \   0000002E   0x....             LDR.N    R0,??DataTable3_2  ;; 0x400ff040
   \   00000030   0x....             LDR.N    R1,??DataTable3_1
   \   00000032   0x6008             STR      R0,[R1, #+0]
    106          	GPIO_InitStructure.GPIO_Pins = LEDARRAY_Pinx2;
   \   00000034   0x....             LDR.N    R0,??DataTable3_3  ;; 0xc00ff
   \   00000036   0x....             LDR.N    R1,??DataTable3_1
   \   00000038   0x6048             STR      R0,[R1, #+4]
    107          	GPIO_InitStructure.GPIO_Dir = DIR_OUTPUT;
   \   0000003A   0x2001             MOVS     R0,#+1
   \   0000003C   0x....             LDR.N    R1,??DataTable3_1
   \   0000003E   0x7308             STRB     R0,[R1, #+12]
    108          	GPIO_InitStructure.GPIO_Output = OUTPUT_H;
   \   00000040   0x2001             MOVS     R0,#+1
   \   00000042   0x....             LDR.N    R1,??DataTable3_1
   \   00000044   0x7348             STRB     R0,[R1, #+13]
    109          	LPLD_GPIO_Init(GPIO_InitStructure);
   \   00000046   0x....             LDR.N    R1,??DataTable3_1
   \   00000048   0xB084             SUB      SP,SP,#+16
   \   0000004A   0x4668             MOV      R0,SP
   \   0000004C   0x2214             MOVS     R2,#+20
   \   0000004E   0x.... 0x....      BL       __aeabi_memcpy4
   \   00000052   0xBC0F             POP      {R0-R3}
   \   00000054   0x.... 0x....      BL       LPLD_GPIO_Init
    110          }
   \   00000058   0xBD01             POP      {R0,PC}          ;; return

   \                                 In section .bss, align 4
   \                     ??GPIO_InitStructure:
   \   00000000                      DS8 20
    111          

   \                                 In section .text, align 2, keep-with-next
    112          void LEDARRAY_Set(int ledNum, int state)
    113          {
    114          	state = !state;
   \                     LEDARRAY_Set: (+1)
   \   00000000   0x2900             CMP      R1,#+0
   \   00000002   0xD101             BNE.N    ??LEDARRAY_Set_0
   \   00000004   0x2101             MOVS     R1,#+1
   \   00000006   0xE000             B.N      ??LEDARRAY_Set_1
   \                     ??LEDARRAY_Set_0: (+1)
   \   00000008   0x2100             MOVS     R1,#+0
    115          	if (ledNum & LED(0)) LED0(state);
   \                     ??LEDARRAY_Set_1: (+1)
   \   0000000A   0x07C2             LSLS     R2,R0,#+31
   \   0000000C   0xD501             BPL.N    ??LEDARRAY_Set_2
   \   0000000E   0x....             LDR.N    R2,??DataTable3_4  ;; 0x43fe0060
   \   00000010   0x6011             STR      R1,[R2, #+0]
    116          	if (ledNum & LED(1)) LED1(state);
   \                     ??LEDARRAY_Set_2: (+1)
   \   00000012   0x0782             LSLS     R2,R0,#+30
   \   00000014   0xD501             BPL.N    ??LEDARRAY_Set_3
   \   00000016   0x....             LDR.N    R2,??DataTable3_5  ;; 0x43fe0064
   \   00000018   0x6011             STR      R1,[R2, #+0]
    117          	if (ledNum & LED(2)) LED2(state);
   \                     ??LEDARRAY_Set_3: (+1)
   \   0000001A   0x0742             LSLS     R2,R0,#+29
   \   0000001C   0xD501             BPL.N    ??LEDARRAY_Set_4
   \   0000001E   0x....             LDR.N    R2,??DataTable3_6  ;; 0x43fe0068
   \   00000020   0x6011             STR      R1,[R2, #+0]
    118          	if (ledNum & LED(3)) LED3(state);
   \                     ??LEDARRAY_Set_4: (+1)
   \   00000022   0x0702             LSLS     R2,R0,#+28
   \   00000024   0xD501             BPL.N    ??LEDARRAY_Set_5
   \   00000026   0x....             LDR.N    R2,??DataTable3_7  ;; 0x43fe006c
   \   00000028   0x6011             STR      R1,[R2, #+0]
    119          	if (ledNum & LED(4)) LED4(state);
   \                     ??LEDARRAY_Set_5: (+1)
   \   0000002A   0x06C2             LSLS     R2,R0,#+27
   \   0000002C   0xD501             BPL.N    ??LEDARRAY_Set_6
   \   0000002E   0x....             LDR.N    R2,??DataTable3_8  ;; 0x43fe0070
   \   00000030   0x6011             STR      R1,[R2, #+0]
    120          	if (ledNum & LED(5)) LED5(state);
   \                     ??LEDARRAY_Set_6: (+1)
   \   00000032   0x0682             LSLS     R2,R0,#+26
   \   00000034   0xD501             BPL.N    ??LEDARRAY_Set_7
   \   00000036   0x....             LDR.N    R2,??DataTable3_9  ;; 0x43fe0074
   \   00000038   0x6011             STR      R1,[R2, #+0]
    121          	if (ledNum & LED(6)) LED6(state);
   \                     ??LEDARRAY_Set_7: (+1)
   \   0000003A   0x0642             LSLS     R2,R0,#+25
   \   0000003C   0xD501             BPL.N    ??LEDARRAY_Set_8
   \   0000003E   0x....             LDR.N    R2,??DataTable3_10  ;; 0x43fe0800
   \   00000040   0x6011             STR      R1,[R2, #+0]
    122          	if (ledNum & LED(7)) LED7(state);
   \                     ??LEDARRAY_Set_8: (+1)
   \   00000042   0x0602             LSLS     R2,R0,#+24
   \   00000044   0xD501             BPL.N    ??LEDARRAY_Set_9
   \   00000046   0x....             LDR.N    R2,??DataTable3_11  ;; 0x43fe0804
   \   00000048   0x6011             STR      R1,[R2, #+0]
    123          	if (ledNum & LED(8)) LED8(state);
   \                     ??LEDARRAY_Set_9: (+1)
   \   0000004A   0x05C2             LSLS     R2,R0,#+23
   \   0000004C   0xD501             BPL.N    ??LEDARRAY_Set_10
   \   0000004E   0x....             LDR.N    R2,??DataTable3_12  ;; 0x43fe0808
   \   00000050   0x6011             STR      R1,[R2, #+0]
    124          	if (ledNum & LED(9)) LED9(state);
   \                     ??LEDARRAY_Set_10: (+1)
   \   00000052   0x0582             LSLS     R2,R0,#+22
   \   00000054   0xD501             BPL.N    ??LEDARRAY_Set_11
   \   00000056   0x....             LDR.N    R2,??DataTable3_13  ;; 0x43fe080c
   \   00000058   0x6011             STR      R1,[R2, #+0]
    125          	if (ledNum & LED(10)) LED10(state);
   \                     ??LEDARRAY_Set_11: (+1)
   \   0000005A   0x0542             LSLS     R2,R0,#+21
   \   0000005C   0xD501             BPL.N    ??LEDARRAY_Set_12
   \   0000005E   0x....             LDR.N    R2,??DataTable3_14  ;; 0x43fe0810
   \   00000060   0x6011             STR      R1,[R2, #+0]
    126          	if (ledNum & LED(11)) LED11(state);
   \                     ??LEDARRAY_Set_12: (+1)
   \   00000062   0x0502             LSLS     R2,R0,#+20
   \   00000064   0xD501             BPL.N    ??LEDARRAY_Set_13
   \   00000066   0x....             LDR.N    R2,??DataTable3_15  ;; 0x43fe0814
   \   00000068   0x6011             STR      R1,[R2, #+0]
    127          	if (ledNum & LED(12)) LED12(state);
   \                     ??LEDARRAY_Set_13: (+1)
   \   0000006A   0x04C2             LSLS     R2,R0,#+19
   \   0000006C   0xD501             BPL.N    ??LEDARRAY_Set_14
   \   0000006E   0x....             LDR.N    R2,??DataTable3_16  ;; 0x43fe0818
   \   00000070   0x6011             STR      R1,[R2, #+0]
    128          	if (ledNum & LED(13)) LED13(state);
   \                     ??LEDARRAY_Set_14: (+1)
   \   00000072   0x0482             LSLS     R2,R0,#+18
   \   00000074   0xD501             BPL.N    ??LEDARRAY_Set_15
   \   00000076   0x....             LDR.N    R2,??DataTable3_17  ;; 0x43fe081c
   \   00000078   0x6011             STR      R1,[R2, #+0]
    129          	if (ledNum & LED(14)) LED14(state);
   \                     ??LEDARRAY_Set_15: (+1)
   \   0000007A   0x0442             LSLS     R2,R0,#+17
   \   0000007C   0xD501             BPL.N    ??LEDARRAY_Set_16
   \   0000007E   0x....             LDR.N    R2,??DataTable3_18  ;; 0x43fe0848
   \   00000080   0x6011             STR      R1,[R2, #+0]
    130          	if (ledNum & LED(15)) LED15(state);
   \                     ??LEDARRAY_Set_16: (+1)
   \   00000082   0x0400             LSLS     R0,R0,#+16
   \   00000084   0xD501             BPL.N    ??LEDARRAY_Set_17
   \   00000086   0x....             LDR.N    R0,??DataTable3_19  ;; 0x43fe084c
   \   00000088   0x6001             STR      R1,[R0, #+0]
    131          }
   \                     ??LEDARRAY_Set_17: (+1)
   \   0000008A   0x4770             BX       LR               ;; return
    132          

   \                                 In section .text, align 2, keep-with-next
    133          void LEDARRAY_Show(int state)
    134          {
    135          	state = ~state;
   \                     LEDARRAY_Show: (+1)
   \   00000000   0x43C0             MVNS     R0,R0
    136          	LED0((state & LED(0)) && 1);
   \   00000002   0xF010 0x0101      ANDS     R1,R0,#0x1
   \   00000006   0x....             LDR.N    R2,??DataTable3_4  ;; 0x43fe0060
   \   00000008   0x6011             STR      R1,[R2, #+0]
    137          	LED1((state & LED(1)) && 1);
   \   0000000A   0x1041             ASRS     R1,R0,#+1
   \   0000000C   0xF011 0x0101      ANDS     R1,R1,#0x1
   \   00000010   0x....             LDR.N    R2,??DataTable3_5  ;; 0x43fe0064
   \   00000012   0x6011             STR      R1,[R2, #+0]
    138          	LED2((state & LED(2)) && 1);
   \   00000014   0x1081             ASRS     R1,R0,#+2
   \   00000016   0xF011 0x0101      ANDS     R1,R1,#0x1
   \   0000001A   0x....             LDR.N    R2,??DataTable3_6  ;; 0x43fe0068
   \   0000001C   0x6011             STR      R1,[R2, #+0]
    139          	LED3((state & LED(3)) && 1);
   \   0000001E   0x10C1             ASRS     R1,R0,#+3
   \   00000020   0xF011 0x0101      ANDS     R1,R1,#0x1
   \   00000024   0x....             LDR.N    R2,??DataTable3_7  ;; 0x43fe006c
   \   00000026   0x6011             STR      R1,[R2, #+0]
    140          	LED4((state & LED(4)) && 1);
   \   00000028   0x1101             ASRS     R1,R0,#+4
   \   0000002A   0xF011 0x0101      ANDS     R1,R1,#0x1
   \   0000002E   0x....             LDR.N    R2,??DataTable3_8  ;; 0x43fe0070
   \   00000030   0x6011             STR      R1,[R2, #+0]
    141          	LED5((state & LED(5)) && 1);
   \   00000032   0x1141             ASRS     R1,R0,#+5
   \   00000034   0xF011 0x0101      ANDS     R1,R1,#0x1
   \   00000038   0x....             LDR.N    R2,??DataTable3_9  ;; 0x43fe0074
   \   0000003A   0x6011             STR      R1,[R2, #+0]
    142          	LED6((state & LED(6)) && 1);
   \   0000003C   0x1181             ASRS     R1,R0,#+6
   \   0000003E   0xF011 0x0101      ANDS     R1,R1,#0x1
   \   00000042   0x....             LDR.N    R2,??DataTable3_10  ;; 0x43fe0800
   \   00000044   0x6011             STR      R1,[R2, #+0]
    143          	LED7((state & LED(7)) && 1);
   \   00000046   0x11C1             ASRS     R1,R0,#+7
   \   00000048   0xF011 0x0101      ANDS     R1,R1,#0x1
   \   0000004C   0x....             LDR.N    R2,??DataTable3_11  ;; 0x43fe0804
   \   0000004E   0x6011             STR      R1,[R2, #+0]
    144          	LED8((state & LED(8)) && 1);
   \   00000050   0x1201             ASRS     R1,R0,#+8
   \   00000052   0xF011 0x0101      ANDS     R1,R1,#0x1
   \   00000056   0x....             LDR.N    R2,??DataTable3_12  ;; 0x43fe0808
   \   00000058   0x6011             STR      R1,[R2, #+0]
    145          	LED9((state & LED(9)) && 1);
   \   0000005A   0x1241             ASRS     R1,R0,#+9
   \   0000005C   0xF011 0x0101      ANDS     R1,R1,#0x1
   \   00000060   0x....             LDR.N    R2,??DataTable3_13  ;; 0x43fe080c
   \   00000062   0x6011             STR      R1,[R2, #+0]
    146          	LED10((state & LED(10)) && 1);
   \   00000064   0x1281             ASRS     R1,R0,#+10
   \   00000066   0xF011 0x0101      ANDS     R1,R1,#0x1
   \   0000006A   0x....             LDR.N    R2,??DataTable3_14  ;; 0x43fe0810
   \   0000006C   0x6011             STR      R1,[R2, #+0]
    147          	LED11((state & LED(11)) && 1);
   \   0000006E   0x12C1             ASRS     R1,R0,#+11
   \   00000070   0xF011 0x0101      ANDS     R1,R1,#0x1
   \   00000074   0x....             LDR.N    R2,??DataTable3_15  ;; 0x43fe0814
   \   00000076   0x6011             STR      R1,[R2, #+0]
    148          	LED12((state & LED(12)) && 1);
   \   00000078   0x1301             ASRS     R1,R0,#+12
   \   0000007A   0xF011 0x0101      ANDS     R1,R1,#0x1
   \   0000007E   0x....             LDR.N    R2,??DataTable3_16  ;; 0x43fe0818
   \   00000080   0x6011             STR      R1,[R2, #+0]
    149          	LED13((state & LED(13)) && 1);
   \   00000082   0x1341             ASRS     R1,R0,#+13
   \   00000084   0xF011 0x0101      ANDS     R1,R1,#0x1
   \   00000088   0x....             LDR.N    R2,??DataTable3_17  ;; 0x43fe081c
   \   0000008A   0x6011             STR      R1,[R2, #+0]
    150          	LED14((state & LED(14)) && 1);
   \   0000008C   0x1381             ASRS     R1,R0,#+14
   \   0000008E   0xF011 0x0101      ANDS     R1,R1,#0x1
   \   00000092   0x....             LDR.N    R2,??DataTable3_18  ;; 0x43fe0848
   \   00000094   0x6011             STR      R1,[R2, #+0]
    151          	LED15((state & LED(15)) && 1);
   \   00000096   0x13C0             ASRS     R0,R0,#+15
   \   00000098   0xF010 0x0001      ANDS     R0,R0,#0x1
   \   0000009C   0x....             LDR.N    R1,??DataTable3_19  ;; 0x43fe084c
   \   0000009E   0x6008             STR      R0,[R1, #+0]
    152          }
   \   000000A0   0x4770             BX       LR               ;; return
    153          

   \                                 In section .bss, align 4
    154          int cnt_ch = 0, cnt_step = 0;
   \                     cnt_ch:
   \   00000000                      DS8 4

   \                                 In section .bss, align 4
   \                     cnt_step:
   \   00000000                      DS8 4

   \                                 In section .text, align 2, keep-with-next
    155          void LEDARRAY_Go(void)
    156          {
   \                     LEDARRAY_Go: (+1)
   \   00000000   0xB580             PUSH     {R7,LR}
    157          	ledArray.Show((CH16x16[cnt_ch][cnt_step]) | (CH16x16[cnt_ch][cnt_step + 16] << 8));
   \   00000002   0x....             LDR.N    R0,??DataTable3_20
   \   00000004   0x....             LDR.N    R1,??DataTable3_21
   \   00000006   0x6809             LDR      R1,[R1, #+0]
   \   00000008   0xEB10 0x1041      ADDS     R0,R0,R1, LSL #+5
   \   0000000C   0x....             LDR.N    R1,??DataTable3_22
   \   0000000E   0x6809             LDR      R1,[R1, #+0]
   \   00000010   0x5C08             LDRB     R0,[R1, R0]
   \   00000012   0x....             LDR.N    R1,??DataTable3_20
   \   00000014   0x....             LDR.N    R2,??DataTable3_21
   \   00000016   0x6812             LDR      R2,[R2, #+0]
   \   00000018   0xEB11 0x1142      ADDS     R1,R1,R2, LSL #+5
   \   0000001C   0x....             LDR.N    R2,??DataTable3_22
   \   0000001E   0x6812             LDR      R2,[R2, #+0]
   \   00000020   0x1851             ADDS     R1,R2,R1
   \   00000022   0x7C09             LDRB     R1,[R1, #+16]
   \   00000024   0xEA50 0x2001      ORRS     R0,R0,R1, LSL #+8
   \   00000028   0x....             LDR.N    R1,??DataTable3_23
   \   0000002A   0x6889             LDR      R1,[R1, #+8]
   \   0000002C   0x4788             BLX      R1
    158          
    159          	cnt_step++;
   \   0000002E   0x....             LDR.N    R0,??DataTable3_22
   \   00000030   0x6800             LDR      R0,[R0, #+0]
   \   00000032   0x1C40             ADDS     R0,R0,#+1
   \   00000034   0x....             LDR.N    R1,??DataTable3_22
   \   00000036   0x6008             STR      R0,[R1, #+0]
    160          	if (cnt_step >= 15)
   \   00000038   0x....             LDR.N    R0,??DataTable3_22
   \   0000003A   0x6800             LDR      R0,[R0, #+0]
   \   0000003C   0x280F             CMP      R0,#+15
   \   0000003E   0xDB0E             BLT.N    ??LEDARRAY_Go_0
    161          	{
    162          		cnt_step = 0;
   \   00000040   0x2000             MOVS     R0,#+0
   \   00000042   0x....             LDR.N    R1,??DataTable3_22
   \   00000044   0x6008             STR      R0,[R1, #+0]
    163          		cnt_ch++;
   \   00000046   0x....             LDR.N    R0,??DataTable3_21
   \   00000048   0x6800             LDR      R0,[R0, #+0]
   \   0000004A   0x1C40             ADDS     R0,R0,#+1
   \   0000004C   0x....             LDR.N    R1,??DataTable3_21
   \   0000004E   0x6008             STR      R0,[R1, #+0]
    164          		if (cnt_ch >= LEDARRAY_CHNUM)
   \   00000050   0x....             LDR.N    R0,??DataTable3_21
   \   00000052   0x6800             LDR      R0,[R0, #+0]
   \   00000054   0x2804             CMP      R0,#+4
   \   00000056   0xDB02             BLT.N    ??LEDARRAY_Go_0
    165          			cnt_ch = 0;
   \   00000058   0x2000             MOVS     R0,#+0
   \   0000005A   0x....             LDR.N    R1,??DataTable3_21
   \   0000005C   0x6008             STR      R0,[R1, #+0]
    166          	}
    167          }
   \                     ??LEDARRAY_Go_0: (+1)
   \   0000005E   0xBD01             POP      {R0,PC}          ;; return

   \                                 In section .text, align 4, keep-with-next
   \                     ??DataTable3:
   \   00000000   0x400FF000         DC32     0x400ff000

   \                                 In section .text, align 4, keep-with-next
   \                     ??DataTable3_1:
   \   00000000   0x........         DC32     ??GPIO_InitStructure

   \                                 In section .text, align 4, keep-with-next
   \                     ??DataTable3_2:
   \   00000000   0x400FF040         DC32     0x400ff040

   \                                 In section .text, align 4, keep-with-next
   \                     ??DataTable3_3:
   \   00000000   0x000C00FF         DC32     0xc00ff

   \                                 In section .text, align 4, keep-with-next
   \                     ??DataTable3_4:
   \   00000000   0x43FE0060         DC32     0x43fe0060

   \                                 In section .text, align 4, keep-with-next
   \                     ??DataTable3_5:
   \   00000000   0x43FE0064         DC32     0x43fe0064

   \                                 In section .text, align 4, keep-with-next
   \                     ??DataTable3_6:
   \   00000000   0x43FE0068         DC32     0x43fe0068

   \                                 In section .text, align 4, keep-with-next
   \                     ??DataTable3_7:
   \   00000000   0x43FE006C         DC32     0x43fe006c

   \                                 In section .text, align 4, keep-with-next
   \                     ??DataTable3_8:
   \   00000000   0x43FE0070         DC32     0x43fe0070

   \                                 In section .text, align 4, keep-with-next
   \                     ??DataTable3_9:
   \   00000000   0x43FE0074         DC32     0x43fe0074

   \                                 In section .text, align 4, keep-with-next
   \                     ??DataTable3_10:
   \   00000000   0x43FE0800         DC32     0x43fe0800

   \                                 In section .text, align 4, keep-with-next
   \                     ??DataTable3_11:
   \   00000000   0x43FE0804         DC32     0x43fe0804

   \                                 In section .text, align 4, keep-with-next
   \                     ??DataTable3_12:
   \   00000000   0x43FE0808         DC32     0x43fe0808

   \                                 In section .text, align 4, keep-with-next
   \                     ??DataTable3_13:
   \   00000000   0x43FE080C         DC32     0x43fe080c

   \                                 In section .text, align 4, keep-with-next
   \                     ??DataTable3_14:
   \   00000000   0x43FE0810         DC32     0x43fe0810

   \                                 In section .text, align 4, keep-with-next
   \                     ??DataTable3_15:
   \   00000000   0x43FE0814         DC32     0x43fe0814

   \                                 In section .text, align 4, keep-with-next
   \                     ??DataTable3_16:
   \   00000000   0x43FE0818         DC32     0x43fe0818

   \                                 In section .text, align 4, keep-with-next
   \                     ??DataTable3_17:
   \   00000000   0x43FE081C         DC32     0x43fe081c

   \                                 In section .text, align 4, keep-with-next
   \                     ??DataTable3_18:
   \   00000000   0x43FE0848         DC32     0x43fe0848

   \                                 In section .text, align 4, keep-with-next
   \                     ??DataTable3_19:
   \   00000000   0x43FE084C         DC32     0x43fe084c

   \                                 In section .text, align 4, keep-with-next
   \                     ??DataTable3_20:
   \   00000000   0x........         DC32     CH16x16

   \                                 In section .text, align 4, keep-with-next
   \                     ??DataTable3_21:
   \   00000000   0x........         DC32     cnt_ch

   \                                 In section .text, align 4, keep-with-next
   \                     ??DataTable3_22:
   \   00000000   0x........         DC32     cnt_step

   \                                 In section .text, align 4, keep-with-next
   \                     ??DataTable3_23:
   \   00000000   0x........         DC32     ledArray

   Maximum stack usage in bytes:

   .cstack Function
   ------- --------
       8   LEDARRAY_Go
         8   -- Indirect call
      24   LEDARRAY_Init
         8   -> LPLD_GPIO_Init
        24   -> __aeabi_memcpy4
       0   LEDARRAY_Set
       0   LEDARRAY_Show


   Section sizes:

   Bytes  Function/Label
   -----  --------------
       4  ??DataTable3
       4  ??DataTable3_1
       4  ??DataTable3_10
       4  ??DataTable3_11
       4  ??DataTable3_12
       4  ??DataTable3_13
       4  ??DataTable3_14
       4  ??DataTable3_15
       4  ??DataTable3_16
       4  ??DataTable3_17
       4  ??DataTable3_18
       4  ??DataTable3_19
       4  ??DataTable3_2
       4  ??DataTable3_20
       4  ??DataTable3_21
       4  ??DataTable3_22
       4  ??DataTable3_23
       4  ??DataTable3_3
       4  ??DataTable3_4
       4  ??DataTable3_5
       4  ??DataTable3_6
       4  ??DataTable3_7
       4  ??DataTable3_8
       4  ??DataTable3_9
     192  CH16x16
      20  GPIO_InitStructure
      96  LEDARRAY_Go
      90  LEDARRAY_Init
     140  LEDARRAY_Set
     162  LEDARRAY_Show
       4  cnt_ch
       4  cnt_step
      16  ledArray

 
  28 bytes in section .bss
  16 bytes in section .data
 192 bytes in section .rodata
 584 bytes in section .text
 
 584 bytes of CODE  memory
 192 bytes of CONST memory
  44 bytes of DATA  memory

Errors: none
Warnings: none
