###############################################################################
#
# IAR ANSI C/C++ Compiler V7.50.1.10123/W32 for ARM       18/Nov/2018  14:54:19
# Copyright 1999-2015 IAR Systems AB.
#
#    Cpu mode     =  thumb
#    Endian       =  little
#    Source file  =  
#        C:\Users\ShowD\Desktop\LPHD\LPHD_camCore\LPHD_camCore\app\LPHD_camCore.c
#    Command line =  
#        C:\Users\ShowD\Desktop\LPHD\LPHD_camCore\LPHD_camCore\app\LPHD_camCore.c
#        -D LPLD_K60 -D USE_K60D10 -lCN
#        C:\Users\ShowD\Desktop\LPHD\LPHD_camCore\LPHD_camCore\iar\FLASH\List
#        -lB
#        C:\Users\ShowD\Desktop\LPHD\LPHD_camCore\LPHD_camCore\iar\FLASH\List
#        -o C:\Users\ShowD\Desktop\LPHD\LPHD_camCore\LPHD_camCore\iar\FLASH\Obj
#        --no_cse --no_unroll --no_inline --no_code_motion --no_tbaa
#        --no_clustering --no_scheduling --debug --endian=little
#        --cpu=Cortex-M4 -e --fpu=None --dlib_config "C:\Program Files
#        (x86)\IAR Systems\Embedded Workbench
#        7.3\arm\INC\c\DLib_Config_Normal.h" -I
#        C:\Users\ShowD\Desktop\LPHD\LPHD_camCore\LPHD_camCore\iar\..\app\ -I
#        C:\Users\ShowD\Desktop\LPHD\LPHD_camCore\LPHD_camCore\iar\..\app\camera\
#        -I
#        C:\Users\ShowD\Desktop\LPHD\LPHD_camCore\LPHD_camCore\iar\..\app\led\
#        -I
#        C:\Users\ShowD\Desktop\LPHD\LPHD_camCore\LPHD_camCore\iar\..\app\oled\
#        -I
#        C:\Users\ShowD\Desktop\LPHD\LPHD_camCore\LPHD_camCore\iar\..\app\task\
#        -I
#        C:\Users\ShowD\Desktop\LPHD\LPHD_camCore\LPHD_camCore\iar\..\app\uart\
#        -I
#        C:\Users\ShowD\Desktop\LPHD\LPHD_camCore\LPHD_camCore\iar\..\app\twinCore\
#        -I
#        C:\Users\ShowD\Desktop\LPHD\LPHD_camCore\LPHD_camCore\iar\..\app\mpu6050\
#        -I
#        C:\Users\ShowD\Desktop\LPHD\LPHD_camCore\LPHD_camCore\iar\..\app\nrf\
#        -I
#        C:\Users\ShowD\Desktop\LPHD\LPHD_camCore\LPHD_camCore\iar\..\app\calc\
#        -I
#        C:\Users\ShowD\Desktop\LPHD\LPHD_camCore\LPHD_camCore\iar\..\app\UI\
#        -I
#        C:\Users\ShowD\Desktop\LPHD\LPHD_camCore\LPHD_camCore\iar\..\app\ledArray\
#        -I
#        C:\Users\ShowD\Desktop\LPHD\LPHD_camCore\LPHD_camCore\iar\..\lib\CPU\
#        -I
#        C:\Users\ShowD\Desktop\LPHD\LPHD_camCore\LPHD_camCore\iar\..\lib\common\
#        -I
#        C:\Users\ShowD\Desktop\LPHD\LPHD_camCore\LPHD_camCore\iar\..\lib\LPLD\
#        -I
#        C:\Users\ShowD\Desktop\LPHD\LPHD_camCore\LPHD_camCore\iar\..\lib\LPLD\HW\
#        -I
#        C:\Users\ShowD\Desktop\LPHD\LPHD_camCore\LPHD_camCore\iar\..\lib\LPLD\DEV\
#        -I
#        C:\Users\ShowD\Desktop\LPHD\LPHD_camCore\LPHD_camCore\iar\..\lib\LPLD\FUNC\
#        -I
#        C:\Users\ShowD\Desktop\LPHD\LPHD_camCore\LPHD_camCore\iar\..\lib\uCOS-II\Ports\
#        -I
#        C:\Users\ShowD\Desktop\LPHD\LPHD_camCore\LPHD_camCore\iar\..\lib\uCOS-II\Source\
#        -I
#        C:\Users\ShowD\Desktop\LPHD\LPHD_camCore\LPHD_camCore\iar\..\lib\FatFs\
#        -I
#        C:\Users\ShowD\Desktop\LPHD\LPHD_camCore\LPHD_camCore\iar\..\lib\FatFs\option\
#        -I
#        C:\Users\ShowD\Desktop\LPHD\LPHD_camCore\LPHD_camCore\iar\..\lib\USB\common\
#        -I
#        C:\Users\ShowD\Desktop\LPHD\LPHD_camCore\LPHD_camCore\iar\..\lib\USB\driver\
#        -I
#        C:\Users\ShowD\Desktop\LPHD\LPHD_camCore\LPHD_camCore\iar\..\lib\USB\descriptor\
#        -I
#        C:\Users\ShowD\Desktop\LPHD\LPHD_camCore\LPHD_camCore\iar\..\lib\USB\class\
#        -Ol -I "C:\Program Files (x86)\IAR Systems\Embedded Workbench
#        7.3\arm\CMSIS\Include\" -D ARM_MATH_CM4
#    List file    =  
#        C:\Users\ShowD\Desktop\LPHD\LPHD_camCore\LPHD_camCore\iar\FLASH\List\LPHD_camCore.lst
#    Object file  =  
#        C:\Users\ShowD\Desktop\LPHD\LPHD_camCore\LPHD_camCore\iar\FLASH\Obj\LPHD_camCore.o
#
###############################################################################

C:\Users\ShowD\Desktop\LPHD\LPHD_camCore\LPHD_camCore\app\LPHD_camCore.c
      1          #include "common.h"
      2          #include "camera.h"
      3          #include "led.h"
      4          #include "oled.h"
      5          #include "task.h"
      6          #include "uart.h"
      7          #include "twinCore.h"
      8          #include "mpu6050.h"
      9          //#include "nrf.h"
     10          #include "calc.h"
     11          #include "UI.h"
     12          #include "ledArray.h"
     13          
     14          /****Definitions**********************************************/
     15          
     16          #define TASK_ENABLE 0
     17          
     18          #define CARNUM		2
     19          
     20          #if (CARNUM == 2)
     21          #define GRYOFFSET_X	0
     22          #define GRYOFFSET_Y	0
     23          #define GRYOFFSET_Z	0
     24          #elif (CARNUM == 1)
     25          #define GRYOFFSET_X	0
     26          #define GRYOFFSET_Y	0
     27          #define GRYOFFSET_Z	0
     28          #endif /* CARNUM */
     29          
     30          /****Function list********************************************/
     31          
     32          void mpu_PIT2_Init(void);
     33          void showMyWords(void);
     34          int testCar(void);
     35          
     36          /****Variables************************************************/
     37          

   \                                 In section .bss, align 4
     38          int carNum = 0;
   \                     carNum:
   \   00000000                      DS8 4

   \                                 In section .bss, align 4
     39          int cnt_led = 0;
   \                     cnt_led:
   \   00000000                      DS8 4
     40          
     41          /****main*****************************************************/
     42          

   \                                 In section .text, align 2, keep-with-next
     43          void main (void)
     44          {
   \                     main: (+1)
   \   00000000   0xB580             PUSH     {R7,LR}
     45          	DisableInterrupts;
   \   00000002   0xB672             CPSID    I
     46          
     47          	carNum = testCar();
   \   00000004   0x.... 0x....      BL       testCar
   \   00000008   0x.... 0x....      LDR.W    R1,??DataTable4
   \   0000000C   0x6008             STR      R0,[R1, #+0]
     48          	task.Init();
   \   0000000E   0x.... 0x....      LDR.W    R0,??DataTable4_1
   \   00000012   0x6800             LDR      R0,[R0, #+0]
   \   00000014   0x4780             BLX      R0
     49          	uart.Init();
   \   00000016   0x.... 0x....      LDR.W    R0,??DataTable4_2
   \   0000001A   0x6800             LDR      R0,[R0, #+0]
   \   0000001C   0x4780             BLX      R0
     50          	oled.Init();
   \   0000001E   0x.... 0x....      LDR.W    R0,??DataTable4_3
   \   00000022   0x6800             LDR      R0,[R0, #+0]
   \   00000024   0x4780             BLX      R0
     51          	led.Init(LED4); // 只给我一个（还是核心板上面的），TAT
   \   00000026   0x2008             MOVS     R0,#+8
   \   00000028   0x.... 0x....      LDR.W    R1,??DataTable4_4
   \   0000002C   0x6809             LDR      R1,[R1, #+0]
   \   0000002E   0x4788             BLX      R1
     52          	ledArray.Init(); // 来了！
   \   00000030   0x.... 0x....      LDR.W    R0,??DataTable4_5
   \   00000034   0x6800             LDR      R0,[R0, #+0]
   \   00000036   0x4780             BLX      R0
     53          	//ledArray.Show(0xAAAA);
     54          	twinCore.Init();
   \   00000038   0x.... 0x....      LDR.W    R0,??DataTable4_6
   \   0000003C   0x6800             LDR      R0,[R0, #+0]
   \   0000003E   0x4780             BLX      R0
     55          	mpu6050.Init();
   \   00000040   0x.... 0x....      LDR.W    R0,??DataTable4_7
   \   00000044   0x6800             LDR      R0,[R0, #+0]
   \   00000046   0x4780             BLX      R0
     56          	mpu6050.SetOffset(0, 0, 0);
   \   00000048   0x2200             MOVS     R2,#+0
   \   0000004A   0x2100             MOVS     R1,#+0
   \   0000004C   0x2000             MOVS     R0,#+0
   \   0000004E   0x.... 0x....      LDR.W    R3,??DataTable4_7
   \   00000052   0x68DB             LDR      R3,[R3, #+12]
   \   00000054   0x4798             BLX      R3
     57          	//nrf.Init();
     58          	mpu_PIT2_Init();
   \   00000056   0x.... 0x....      BL       mpu_PIT2_Init
     59          
     60          	showMyWords();
   \   0000005A   0x.... 0x....      BL       showMyWords
     61          	oled.DispACat(70, 0);
   \   0000005E   0x2100             MOVS     R1,#+0
   \   00000060   0x2046             MOVS     R0,#+70
   \   00000062   0x.... 0x....      LDR.W    R2,??DataTable4_3
   \   00000066   0x6A92             LDR      R2,[R2, #+40]
   \   00000068   0x4790             BLX      R2
     62          
     63          	int status = camera.Init();
   \   0000006A   0x.... 0x....      LDR.W    R0,??DataTable4_8
   \   0000006E   0x6800             LDR      R0,[R0, #+0]
   \   00000070   0x4780             BLX      R0
     64          	if (status)
   \   00000072   0x2800             CMP      R0,#+0
   \   00000074   0xD026             BEQ.N    ??main_0
     65          	{
     66          		switch (status)
   \   00000076   0x2801             CMP      R0,#+1
   \   00000078   0xD006             BEQ.N    ??main_1
   \   0000007A   0xD326             BCC.N    ??main_2
   \   0000007C   0x2803             CMP      R0,#+3
   \   0000007E   0xD013             BEQ.N    ??main_3
   \   00000080   0xD30A             BCC.N    ??main_4
   \   00000082   0x2804             CMP      R0,#+4
   \   00000084   0xD017             BEQ.N    ??main_5
   \   00000086   0xE020             B.N      ??main_2
     67          		{
     68          		case 1: oled.Printf(20, 2, "Error: Camera 1."); break;
   \                     ??main_1: (+1)
   \   00000088   0x.... 0x....      LDR.W    R2,??DataTable4_9
   \   0000008C   0x2102             MOVS     R1,#+2
   \   0000008E   0x2014             MOVS     R0,#+20
   \   00000090   0x....             LDR.N    R3,??DataTable4_3
   \   00000092   0x689B             LDR      R3,[R3, #+8]
   \   00000094   0x4798             BLX      R3
   \   00000096   0xE018             B.N      ??main_2
     69          		case 2: oled.Printf(20, 2, "Error: Camera 2."); break;
   \                     ??main_4: (+1)
   \   00000098   0x.... 0x....      LDR.W    R2,??DataTable4_10
   \   0000009C   0x2102             MOVS     R1,#+2
   \   0000009E   0x2014             MOVS     R0,#+20
   \   000000A0   0x....             LDR.N    R3,??DataTable4_3
   \   000000A2   0x689B             LDR      R3,[R3, #+8]
   \   000000A4   0x4798             BLX      R3
   \   000000A6   0xE010             B.N      ??main_2
     70          		case 3: oled.Printf(20, 2, "Error: Camera 3."); break;
   \                     ??main_3: (+1)
   \   000000A8   0x....             LDR.N    R2,??DataTable4_11
   \   000000AA   0x2102             MOVS     R1,#+2
   \   000000AC   0x2014             MOVS     R0,#+20
   \   000000AE   0x....             LDR.N    R3,??DataTable4_3
   \   000000B0   0x689B             LDR      R3,[R3, #+8]
   \   000000B2   0x4798             BLX      R3
   \   000000B4   0xE009             B.N      ??main_2
     71          		case 4: oled.Printf(20, 2, "Error: Camera 4."); break;
   \                     ??main_5: (+1)
   \   000000B6   0x....             LDR.N    R2,??DataTable4_12
   \   000000B8   0x2102             MOVS     R1,#+2
   \   000000BA   0x2014             MOVS     R0,#+20
   \   000000BC   0x....             LDR.N    R3,??DataTable4_3
   \   000000BE   0x689B             LDR      R3,[R3, #+8]
   \   000000C0   0x4798             BLX      R3
   \   000000C2   0xE002             B.N      ??main_2
     72          		}
     73          	}
     74          	else
     75          		oled.DispAImg();
   \                     ??main_0: (+1)
   \   000000C4   0x....             LDR.N    R0,??DataTable4_3
   \   000000C6   0x6AC0             LDR      R0,[R0, #+44]
   \   000000C8   0x4780             BLX      R0
     76          
     77          	EnableInterrupts;
   \                     ??main_2: (+1)
   \   000000CA   0xB662             CPSIE    I
   \   000000CC   0xE015             B.N      ??main_6
     78          
     79          	while(1)
     80          	{
     81          		if (camera.isReady)
     82          		{
     83          			//task.Start();
     84          
     85          			camera.Extract();
     86          			calc.Calc();
     87          
     88          			if (calc.flag_out && calc.cnt_effect)
     89          			{
     90          				twinCore.Set(0, calc.flag_out);
     91          				twinCore.Send(); // 用以提高及时性
     92          			}
     93          //			if (calc.flag_out)
     94          //				led.Set(LED4, ON);
     95          //			else
     96          //				led.Set(LED4, OFF);
     97          
     98          //			if (twinCore.data[1] == 1100)
     99          //			{
    100          				oled.DispImgCalc();
    101          //				if (calc.flag_out)
    102          //					oled.Printf(30, 1, "I found it!");
    103          //			}
    104          //			else if (twinCore.data[1] == 1101)
    105          //			{
    106          //				uart.SendImg();
    107          //				oled.DispImgCalc();
    108          //				if (calc.flag_out)
    109          //					oled.Printf(30, 1, "I found it!");
    110          //			}
    111          
    112          			//task.Stop();
    113          
    114          //			static int flag_frame = 0;
    115          //			if (!flag_frame)
    116          //			{
    117          //				flag_frame = 1;
    118          //				task.Start();
    119          //			}
    120          //			else
    121          //			{
    122          //				flag_frame = 0;
    123          //				task.Stop();
    124          //			}
    125          		}
    126          
    127          		if (task.taskNum[0] == TASK_ENABLE)
    128          		{
    129          			task.taskNum[0] = 10;
    130          
    131          			if (calc.cnt_effect)
    132          				twinCore.Set(0, calc.flag_out);
    133          			twinCore.Set(1, (int16)mpu6050.pose.angleY);
    134          			twinCore.Set(2, (int16)mpu6050.pose.angleZ);
    135          			twinCore.Set(3, (int16)mpu6050.gry.y);
    136          			twinCore.Set(4, (int16)calc.cnt_out);
    137          			twinCore.Set(5, (int16)task.testTime);
    138          			twinCore.Set(6, (int16)calc.reffer[0]);
    139          			twinCore.Set(7, (int16)mpu6050.acc.z);
    140          			twinCore.Set(8, (int16)calc.flag_zebra);
    141          
    142          			twinCore.Send();
    143          		}
    144          
    145          		if (task.taskNum[1] == TASK_ENABLE)
    146          		{
    147          			task.taskNum[1] = 10;
    148          
    149          //			uart.Set(0, (int16)task.testTime);
    150          //			uart.SendToScope();
    151          
    152          //			if (twinCore.data[1] == 1111)
    153          //			{
    154          //				calc.My3d();
    155          //				oled.DispMyScene();
    156          //			}
    157          
    158          			static int state_led = 0;
    159          			static int state_dir = 0;
    160          
    161          			cnt_led++;
    162          
    163          			if (cnt_led < 50)
    164          			{
    165          				state_led <<= 1;
    166          				if (!state_dir) state_led |= 1;
    167          				else state_led &= ~(1);
    168          
    169          				state_led &= 0xFFFF;
    170          				if (state_led == 0xFFFF) state_dir = 1;
    171          				else if (state_led == 0x0000) state_dir = 0;
   \                     ??main_7: (+1)
   \   000000CE   0x....             LDR.N    R0,??DataTable4_13
   \   000000D0   0x6800             LDR      R0,[R0, #+0]
   \   000000D2   0x2800             CMP      R0,#+0
   \   000000D4   0xD102             BNE.N    ??main_8
   \   000000D6   0x2000             MOVS     R0,#+0
   \   000000D8   0x....             LDR.N    R1,??DataTable4_14
   \   000000DA   0x6008             STR      R0,[R1, #+0]
    172          
    173          				ledArray.Show(state_led);
   \                     ??main_8: (+1)
   \   000000DC   0x....             LDR.N    R0,??DataTable4_13
   \   000000DE   0x6800             LDR      R0,[R0, #+0]
   \   000000E0   0x....             LDR.N    R1,??DataTable4_5
   \   000000E2   0x6889             LDR      R1,[R1, #+8]
   \   000000E4   0x4788             BLX      R1
    174          			}
    175          
    176          			if (twinCore.data[1] == 1110)
   \                     ??main_9: (+1)
   \   000000E6   0x....             LDR.N    R0,??DataTable4_6
   \   000000E8   0xF9B0 0x000E      LDRSH    R0,[R0, #+14]
   \   000000EC   0xF240 0x4156      MOVW     R1,#+1110
   \   000000F0   0x4288             CMP      R0,R1
   \   000000F2   0xD102             BNE.N    ??main_6
    177          				ui.Update();
   \   000000F4   0x....             LDR.N    R0,??DataTable4_15
   \   000000F6   0x6880             LDR      R0,[R0, #+8]
   \   000000F8   0x4780             BLX      R0
   \                     ??main_6: (+1)
   \   000000FA   0x....             LDR.N    R0,??DataTable4_8
   \   000000FC   0x6900             LDR      R0,[R0, #+16]
   \   000000FE   0x2800             CMP      R0,#+0
   \   00000100   0xD019             BEQ.N    ??main_10
   \   00000102   0x....             LDR.N    R0,??DataTable4_8
   \   00000104   0x6880             LDR      R0,[R0, #+8]
   \   00000106   0x4780             BLX      R0
   \   00000108   0x....             LDR.N    R0,??DataTable4_16
   \   0000010A   0x6800             LDR      R0,[R0, #+0]
   \   0000010C   0x4780             BLX      R0
   \   0000010E   0x....             LDR.N    R0,??DataTable4_16
   \   00000110   0x68C0             LDR      R0,[R0, #+12]
   \   00000112   0x2800             CMP      R0,#+0
   \   00000114   0xD00C             BEQ.N    ??main_11
   \   00000116   0x....             LDR.N    R0,??DataTable4_16
   \   00000118   0x6880             LDR      R0,[R0, #+8]
   \   0000011A   0x2800             CMP      R0,#+0
   \   0000011C   0xD008             BEQ.N    ??main_11
   \   0000011E   0x....             LDR.N    R0,??DataTable4_16
   \   00000120   0x68C1             LDR      R1,[R0, #+12]
   \   00000122   0x2000             MOVS     R0,#+0
   \   00000124   0x....             LDR.N    R2,??DataTable4_6
   \   00000126   0x6852             LDR      R2,[R2, #+4]
   \   00000128   0x4790             BLX      R2
   \   0000012A   0x....             LDR.N    R0,??DataTable4_6
   \   0000012C   0x6880             LDR      R0,[R0, #+8]
   \   0000012E   0x4780             BLX      R0
   \                     ??main_11: (+1)
   \   00000130   0x....             LDR.N    R0,??DataTable4_3
   \   00000132   0x69C0             LDR      R0,[R0, #+28]
   \   00000134   0x4780             BLX      R0
   \                     ??main_10: (+1)
   \   00000136   0x....             LDR.N    R0,??DataTable4_1
   \   00000138   0x6900             LDR      R0,[R0, #+16]
   \   0000013A   0x2800             CMP      R0,#+0
   \   0000013C   0xD150             BNE.N    ??main_12
   \   0000013E   0x200A             MOVS     R0,#+10
   \   00000140   0x....             LDR.N    R1,??DataTable4_1
   \   00000142   0x6108             STR      R0,[R1, #+16]
   \   00000144   0x....             LDR.N    R0,??DataTable4_16
   \   00000146   0x6880             LDR      R0,[R0, #+8]
   \   00000148   0x2800             CMP      R0,#+0
   \   0000014A   0xD005             BEQ.N    ??main_13
   \   0000014C   0x....             LDR.N    R0,??DataTable4_16
   \   0000014E   0x68C1             LDR      R1,[R0, #+12]
   \   00000150   0x2000             MOVS     R0,#+0
   \   00000152   0x....             LDR.N    R2,??DataTable4_6
   \   00000154   0x6852             LDR      R2,[R2, #+4]
   \   00000156   0x4790             BLX      R2
   \                     ??main_13: (+1)
   \   00000158   0x....             LDR.N    R0,??DataTable4_7
   \   0000015A   0x6A80             LDR      R0,[R0, #+40]
   \   0000015C   0x.... 0x....      BL       __aeabi_f2iz
   \   00000160   0xB200             SXTH     R0,R0            ;; SignExt  R0,R0,#+16,#+16
   \   00000162   0x0001             MOVS     R1,R0
   \   00000164   0x2001             MOVS     R0,#+1
   \   00000166   0x....             LDR.N    R2,??DataTable4_6
   \   00000168   0x6852             LDR      R2,[R2, #+4]
   \   0000016A   0x4790             BLX      R2
   \   0000016C   0x....             LDR.N    R0,??DataTable4_7
   \   0000016E   0x6AC0             LDR      R0,[R0, #+44]
   \   00000170   0x.... 0x....      BL       __aeabi_f2iz
   \   00000174   0xB200             SXTH     R0,R0            ;; SignExt  R0,R0,#+16,#+16
   \   00000176   0x0001             MOVS     R1,R0
   \   00000178   0x2002             MOVS     R0,#+2
   \   0000017A   0x....             LDR.N    R2,??DataTable4_6
   \   0000017C   0x6852             LDR      R2,[R2, #+4]
   \   0000017E   0x4790             BLX      R2
   \   00000180   0x....             LDR.N    R0,??DataTable4_7
   \   00000182   0xF9B0 0x1018      LDRSH    R1,[R0, #+24]
   \   00000186   0x2003             MOVS     R0,#+3
   \   00000188   0x....             LDR.N    R2,??DataTable4_6
   \   0000018A   0x6852             LDR      R2,[R2, #+4]
   \   0000018C   0x4790             BLX      R2
   \   0000018E   0x....             LDR.N    R0,??DataTable4_16
   \   00000190   0xF9B0 0x142C      LDRSH    R1,[R0, #+1068]
   \   00000194   0x2004             MOVS     R0,#+4
   \   00000196   0x....             LDR.N    R2,??DataTable4_6
   \   00000198   0x6852             LDR      R2,[R2, #+4]
   \   0000019A   0x4790             BLX      R2
   \   0000019C   0x....             LDR.N    R0,??DataTable4_1
   \   0000019E   0x6A40             LDR      R0,[R0, #+36]
   \   000001A0   0x.... 0x....      BL       __aeabi_f2iz
   \   000001A4   0xB200             SXTH     R0,R0            ;; SignExt  R0,R0,#+16,#+16
   \   000001A6   0x0001             MOVS     R1,R0
   \   000001A8   0x2005             MOVS     R0,#+5
   \   000001AA   0x....             LDR.N    R2,??DataTable4_6
   \   000001AC   0x6852             LDR      R2,[R2, #+4]
   \   000001AE   0x4790             BLX      R2
   \   000001B0   0x....             LDR.N    R0,??DataTable4_16
   \   000001B2   0xF9B0 0x1434      LDRSH    R1,[R0, #+1076]
   \   000001B6   0x2006             MOVS     R0,#+6
   \   000001B8   0x....             LDR.N    R2,??DataTable4_6
   \   000001BA   0x6852             LDR      R2,[R2, #+4]
   \   000001BC   0x4790             BLX      R2
   \   000001BE   0x....             LDR.N    R0,??DataTable4_7
   \   000001C0   0xF9B0 0x1014      LDRSH    R1,[R0, #+20]
   \   000001C4   0x2007             MOVS     R0,#+7
   \   000001C6   0x....             LDR.N    R2,??DataTable4_6
   \   000001C8   0x6852             LDR      R2,[R2, #+4]
   \   000001CA   0x4790             BLX      R2
   \   000001CC   0x....             LDR.N    R0,??DataTable4_16
   \   000001CE   0xF9B0 0x1014      LDRSH    R1,[R0, #+20]
   \   000001D2   0x2008             MOVS     R0,#+8
   \   000001D4   0x....             LDR.N    R2,??DataTable4_6
   \   000001D6   0x6852             LDR      R2,[R2, #+4]
   \   000001D8   0x4790             BLX      R2
   \   000001DA   0x....             LDR.N    R0,??DataTable4_6
   \   000001DC   0x6880             LDR      R0,[R0, #+8]
   \   000001DE   0x4780             BLX      R0
   \                     ??main_12: (+1)
   \   000001E0   0x....             LDR.N    R0,??DataTable4_1
   \   000001E2   0x6940             LDR      R0,[R0, #+20]
   \   000001E4   0x2800             CMP      R0,#+0
   \   000001E6   0xD188             BNE.N    ??main_6
   \   000001E8   0x200A             MOVS     R0,#+10
   \   000001EA   0x....             LDR.N    R1,??DataTable4_1
   \   000001EC   0x6148             STR      R0,[R1, #+20]
   \   000001EE   0x....             LDR.N    R0,??DataTable4_17
   \   000001F0   0x6800             LDR      R0,[R0, #+0]
   \   000001F2   0x1C40             ADDS     R0,R0,#+1
   \   000001F4   0x....             LDR.N    R1,??DataTable4_17
   \   000001F6   0x6008             STR      R0,[R1, #+0]
   \   000001F8   0x....             LDR.N    R0,??DataTable4_17
   \   000001FA   0x6800             LDR      R0,[R0, #+0]
   \   000001FC   0x2832             CMP      R0,#+50
   \   000001FE   0xF6BF 0xAF72      BGE.W    ??main_9
   \   00000202   0x....             LDR.N    R0,??DataTable4_13
   \   00000204   0x6800             LDR      R0,[R0, #+0]
   \   00000206   0x0040             LSLS     R0,R0,#+1
   \   00000208   0x....             LDR.N    R1,??DataTable4_13
   \   0000020A   0x6008             STR      R0,[R1, #+0]
   \   0000020C   0x....             LDR.N    R0,??DataTable4_14
   \   0000020E   0x6800             LDR      R0,[R0, #+0]
   \   00000210   0x2800             CMP      R0,#+0
   \   00000212   0xD106             BNE.N    ??main_14
   \   00000214   0x....             LDR.N    R0,??DataTable4_13
   \   00000216   0x6800             LDR      R0,[R0, #+0]
   \   00000218   0xF050 0x0001      ORRS     R0,R0,#0x1
   \   0000021C   0x....             LDR.N    R1,??DataTable4_13
   \   0000021E   0x6008             STR      R0,[R1, #+0]
   \   00000220   0xE005             B.N      ??main_15
   \                     ??main_14: (+1)
   \   00000222   0x....             LDR.N    R0,??DataTable4_13
   \   00000224   0x6800             LDR      R0,[R0, #+0]
   \   00000226   0xF030 0x0001      BICS     R0,R0,#0x1
   \   0000022A   0x....             LDR.N    R1,??DataTable4_13
   \   0000022C   0x6008             STR      R0,[R1, #+0]
   \                     ??main_15: (+1)
   \   0000022E   0x....             LDR.N    R0,??DataTable4_13
   \   00000230   0x6800             LDR      R0,[R0, #+0]
   \   00000232   0xB280             UXTH     R0,R0            ;; ZeroExt  R0,R0,#+16,#+16
   \   00000234   0x....             LDR.N    R1,??DataTable4_13
   \   00000236   0x6008             STR      R0,[R1, #+0]
   \   00000238   0x....             LDR.N    R0,??DataTable4_13
   \   0000023A   0x6800             LDR      R0,[R0, #+0]
   \   0000023C   0xF64F 0x71FF      MOVW     R1,#+65535
   \   00000240   0x4288             CMP      R0,R1
   \   00000242   0xF47F 0xAF44      BNE.W    ??main_7
   \   00000246   0x2001             MOVS     R0,#+1
   \   00000248   0x....             LDR.N    R1,??DataTable4_14
   \   0000024A   0x6008             STR      R0,[R1, #+0]
   \   0000024C   0xE746             B.N      ??main_8
    178          
    179          			//led.Set(LED4, TOGGLE);
    180          		}
    181          	}
    182          }

   \                                 In section .bss, align 4
   \                     ??state_led:
   \   00000000                      DS8 4

   \                                 In section .bss, align 4
   \                     ??state_dir:
   \   00000000                      DS8 4
    183          

   \                                 In section .text, align 2, keep-with-next
    184          void pit2_isr(void) // 10ms
    185          {
   \                     pit2_isr: (+1)
   \   00000000   0xB580             PUSH     {R7,LR}
    186          	mpu6050.GetGry(MPU6050_X | MPU6050_Y | MPU6050_Z);
   \   00000002   0x2007             MOVS     R0,#+7
   \   00000004   0x....             LDR.N    R1,??DataTable4_7
   \   00000006   0x6889             LDR      R1,[R1, #+8]
   \   00000008   0x4788             BLX      R1
    187          //	mpu6050.GetAcc(MPU6050_Z);
    188          
    189          //	if (!mpu6050.pose.flagX) mpu6050.pose.angleX = 0;
    190          //	if (!mpu6050.pose.flagY) mpu6050.pose.angleY = 0;
    191          //	if (!mpu6050.pose.flagZ) mpu6050.pose.angleZ = 0;
    192          //
    193          //	twinCore.Set(1, (int16)mpu6050.pose.angleY);
    194          //	twinCore.Set(2, (int16)mpu6050.pose.angleZ);
    195          //	twinCore.Set(3, (int16)mpu6050.gry.y);
    196          //	twinCore.Set(4, (int16)calc.cnt_out);
    197          //	twinCore.Set(5, (int16)task.testTime);
    198          
    199          //	if (twinCore.data[1] == 1111)
    200          //	{
    201          //		calc.angX += mpu6050.gry.x;
    202          //		calc.angY += mpu6050.gry.y;
    203          //		calc.angZ += mpu6050.gry.z;
    204          //	}
    205          }
   \   0000000A   0xBD01             POP      {R0,PC}          ;; return
    206          

   \                                 In section .text, align 2, keep-with-next
    207          void mpu_PIT2_Init(void)
    208          {
   \                     mpu_PIT2_Init: (+1)
   \   00000000   0xB580             PUSH     {R7,LR}
    209          	static PIT_InitTypeDef PIT_InitStructure;
    210          	static NVIC_InitTypeDef NVIC_InitStructure;
    211          
    212          	NVIC_InitStructure.NVIC_IRQChannel = PIT2_IRQn;
   \   00000002   0x2046             MOVS     R0,#+70
   \   00000004   0x....             LDR.N    R1,??DataTable4_18
   \   00000006   0x7008             STRB     R0,[R1, #+0]
    213          	NVIC_InitStructure.NVIC_IRQChannelGroupPriority = NVIC_PriorityGroup_2;
   \   00000008   0x2005             MOVS     R0,#+5
   \   0000000A   0x....             LDR.N    R1,??DataTable4_18
   \   0000000C   0x6048             STR      R0,[R1, #+4]
    214          	NVIC_InitStructure.NVIC_IRQChannelPreemptionPriority = 1;
   \   0000000E   0x2001             MOVS     R0,#+1
   \   00000010   0x....             LDR.N    R1,??DataTable4_18
   \   00000012   0x6088             STR      R0,[R1, #+8]
    215          	NVIC_InitStructure.NVIC_IRQChannelSubPriority = 0;
   \   00000014   0x2000             MOVS     R0,#+0
   \   00000016   0x....             LDR.N    R1,??DataTable4_18
   \   00000018   0x60C8             STR      R0,[R1, #+12]
    216          
    217          	LPLD_NVIC_Init(NVIC_InitStructure);
   \   0000001A   0x....             LDR.N    R1,??DataTable4_18
   \   0000001C   0xB084             SUB      SP,SP,#+16
   \   0000001E   0x4668             MOV      R0,SP
   \   00000020   0x2214             MOVS     R2,#+20
   \   00000022   0x.... 0x....      BL       __aeabi_memcpy4
   \   00000026   0xBC0F             POP      {R0-R3}
   \   00000028   0x.... 0x....      BL       LPLD_NVIC_Init
    218          
    219          	PIT_InitStructure.PIT_Pitx = PIT2;
   \   0000002C   0x2002             MOVS     R0,#+2
   \   0000002E   0x....             LDR.N    R1,??DataTable4_19
   \   00000030   0x7008             STRB     R0,[R1, #+0]
    220          	PIT_InitStructure.PIT_PeriodMs = 10;
   \   00000032   0x200A             MOVS     R0,#+10
   \   00000034   0x....             LDR.N    R1,??DataTable4_19
   \   00000036   0x6088             STR      R0,[R1, #+8]
    221          	PIT_InitStructure.PIT_Isr = pit2_isr;
   \   00000038   0x....             LDR.N    R0,??DataTable4_20
   \   0000003A   0x....             LDR.N    R1,??DataTable4_19
   \   0000003C   0x6108             STR      R0,[R1, #+16]
    222          
    223          	LPLD_PIT_Init(PIT_InitStructure);
   \   0000003E   0x....             LDR.N    R1,??DataTable4_19
   \   00000040   0xB084             SUB      SP,SP,#+16
   \   00000042   0x4668             MOV      R0,SP
   \   00000044   0x2214             MOVS     R2,#+20
   \   00000046   0x.... 0x....      BL       __aeabi_memcpy4
   \   0000004A   0xBC0F             POP      {R0-R3}
   \   0000004C   0x.... 0x....      BL       LPLD_PIT_Init
    224          	LPLD_PIT_EnableIrq(PIT_InitStructure);
   \   00000050   0x....             LDR.N    R1,??DataTable4_19
   \   00000052   0xB084             SUB      SP,SP,#+16
   \   00000054   0x4668             MOV      R0,SP
   \   00000056   0x2214             MOVS     R2,#+20
   \   00000058   0x.... 0x....      BL       __aeabi_memcpy4
   \   0000005C   0xBC0F             POP      {R0-R3}
   \   0000005E   0x.... 0x....      BL       LPLD_PIT_EnableIrq
    225          }
   \   00000062   0xBD01             POP      {R0,PC}          ;; return

   \                                 In section .bss, align 4
   \                     ??PIT_InitStructure:
   \   00000000                      DS8 20

   \                                 In section .bss, align 4
   \                     ??NVIC_InitStructure:
   \   00000000                      DS8 20
    226          

   \                                 In section .text, align 2, keep-with-next
    227          void showMyWords(void)
    228          {
   \                     showMyWords: (+1)
   \   00000000   0xB510             PUSH     {R4,LR}
    229          	int i;
    230          	oled.PutCH(0, 0, 0);
   \   00000002   0x2200             MOVS     R2,#+0
   \   00000004   0x2100             MOVS     R1,#+0
   \   00000006   0x2000             MOVS     R0,#+0
   \   00000008   0x....             LDR.N    R3,??DataTable4_3
   \   0000000A   0x6A5B             LDR      R3,[R3, #+36]
   \   0000000C   0x4798             BLX      R3
    231          	oled.Putchar(16, 1, ',');
   \   0000000E   0x222C             MOVS     R2,#+44
   \   00000010   0x2101             MOVS     R1,#+1
   \   00000012   0x2010             MOVS     R0,#+16
   \   00000014   0x....             LDR.N    R3,??DataTable4_3
   \   00000016   0x685B             LDR      R3,[R3, #+4]
   \   00000018   0x4798             BLX      R3
    232          	oled.PutCH(22, 0, 1);
   \   0000001A   0x2201             MOVS     R2,#+1
   \   0000001C   0x2100             MOVS     R1,#+0
   \   0000001E   0x2016             MOVS     R0,#+22
   \   00000020   0x....             LDR.N    R3,??DataTable4_3
   \   00000022   0x6A5B             LDR      R3,[R3, #+36]
   \   00000024   0x4798             BLX      R3
    233          	oled.PutCH(38, 0, 2);
   \   00000026   0x2202             MOVS     R2,#+2
   \   00000028   0x2100             MOVS     R1,#+0
   \   0000002A   0x2026             MOVS     R0,#+38
   \   0000002C   0x....             LDR.N    R3,??DataTable4_3
   \   0000002E   0x6A5B             LDR      R3,[R3, #+36]
   \   00000030   0x4798             BLX      R3
    234          
    235          	for (i = 0; i < 3; i++)
   \   00000032   0x2400             MOVS     R4,#+0
   \   00000034   0xE00A             B.N      ??showMyWords_0
    236          		oled.PutCH(i * 16, 2, 3 + i);
   \                     ??showMyWords_1: (+1)
   \   00000036   0x1CE2             ADDS     R2,R4,#+3
   \   00000038   0xB2D2             UXTB     R2,R2            ;; ZeroExt  R2,R2,#+24,#+24
   \   0000003A   0x2102             MOVS     R1,#+2
   \   0000003C   0x0020             MOVS     R0,R4
   \   0000003E   0xB2C0             UXTB     R0,R0            ;; ZeroExt  R0,R0,#+24,#+24
   \   00000040   0x0100             LSLS     R0,R0,#+4
   \   00000042   0xB2C0             UXTB     R0,R0            ;; ZeroExt  R0,R0,#+24,#+24
   \   00000044   0x....             LDR.N    R3,??DataTable4_3
   \   00000046   0x6A5B             LDR      R3,[R3, #+36]
   \   00000048   0x4798             BLX      R3
   \   0000004A   0x1C64             ADDS     R4,R4,#+1
   \                     ??showMyWords_0: (+1)
   \   0000004C   0x2C03             CMP      R4,#+3
   \   0000004E   0xDBF2             BLT.N    ??showMyWords_1
    237          
    238          	for (i = 0; i < 6; i++)
   \   00000050   0x2400             MOVS     R4,#+0
   \   00000052   0xE00A             B.N      ??showMyWords_2
    239          		oled.PutCH(i * 16, 4, 6 + i);
   \                     ??showMyWords_3: (+1)
   \   00000054   0x1DA2             ADDS     R2,R4,#+6
   \   00000056   0xB2D2             UXTB     R2,R2            ;; ZeroExt  R2,R2,#+24,#+24
   \   00000058   0x2104             MOVS     R1,#+4
   \   0000005A   0x0020             MOVS     R0,R4
   \   0000005C   0xB2C0             UXTB     R0,R0            ;; ZeroExt  R0,R0,#+24,#+24
   \   0000005E   0x0100             LSLS     R0,R0,#+4
   \   00000060   0xB2C0             UXTB     R0,R0            ;; ZeroExt  R0,R0,#+24,#+24
   \   00000062   0x....             LDR.N    R3,??DataTable4_3
   \   00000064   0x6A5B             LDR      R3,[R3, #+36]
   \   00000066   0x4798             BLX      R3
   \   00000068   0x1C64             ADDS     R4,R4,#+1
   \                     ??showMyWords_2: (+1)
   \   0000006A   0x2C06             CMP      R4,#+6
   \   0000006C   0xDBF2             BLT.N    ??showMyWords_3
    240          
    241          	for (i = 0; i < 5; i++)
   \   0000006E   0x2400             MOVS     R4,#+0
   \   00000070   0xE00B             B.N      ??showMyWords_4
    242          		oled.PutCH(i * 16, 6, 12 + i);
   \                     ??showMyWords_5: (+1)
   \   00000072   0xF114 0x020C      ADDS     R2,R4,#+12
   \   00000076   0xB2D2             UXTB     R2,R2            ;; ZeroExt  R2,R2,#+24,#+24
   \   00000078   0x2106             MOVS     R1,#+6
   \   0000007A   0x0020             MOVS     R0,R4
   \   0000007C   0xB2C0             UXTB     R0,R0            ;; ZeroExt  R0,R0,#+24,#+24
   \   0000007E   0x0100             LSLS     R0,R0,#+4
   \   00000080   0xB2C0             UXTB     R0,R0            ;; ZeroExt  R0,R0,#+24,#+24
   \   00000082   0x....             LDR.N    R3,??DataTable4_3
   \   00000084   0x6A5B             LDR      R3,[R3, #+36]
   \   00000086   0x4798             BLX      R3
   \   00000088   0x1C64             ADDS     R4,R4,#+1
   \                     ??showMyWords_4: (+1)
   \   0000008A   0x2C05             CMP      R4,#+5
   \   0000008C   0xDBF1             BLT.N    ??showMyWords_5
    243          }
   \   0000008E   0xBD10             POP      {R4,PC}          ;; return
    244          

   \                                 In section .text, align 2, keep-with-next
    245          int testCar(void)
    246          {
   \                     testCar: (+1)
   \   00000000   0xB580             PUSH     {R7,LR}
    247          	static GPIO_InitTypeDef GPIO_InitStructure;
    248          
    249          	GPIO_InitStructure.GPIO_PTx = PTD;
   \   00000002   0x....             LDR.N    R0,??DataTable4_21  ;; 0x400ff0c0
   \   00000004   0x....             LDR.N    R1,??DataTable4_22
   \   00000006   0x6008             STR      R0,[R1, #+0]
    250          	GPIO_InitStructure.GPIO_Pins = GPIO_Pin15;
   \   00000008   0xF44F 0x4000      MOV      R0,#+32768
   \   0000000C   0x....             LDR.N    R1,??DataTable4_22
   \   0000000E   0x6048             STR      R0,[R1, #+4]
    251          	GPIO_InitStructure.GPIO_PinControl = INPUT_PULL_DIS;
   \   00000010   0x2000             MOVS     R0,#+0
   \   00000012   0x....             LDR.N    R1,??DataTable4_22
   \   00000014   0x6088             STR      R0,[R1, #+8]
    252          	GPIO_InitStructure.GPIO_Dir = DIR_INPUT;
   \   00000016   0x2000             MOVS     R0,#+0
   \   00000018   0x....             LDR.N    R1,??DataTable4_22
   \   0000001A   0x7308             STRB     R0,[R1, #+12]
    253          	LPLD_GPIO_Init(GPIO_InitStructure);
   \   0000001C   0x....             LDR.N    R1,??DataTable4_22
   \   0000001E   0xB084             SUB      SP,SP,#+16
   \   00000020   0x4668             MOV      R0,SP
   \   00000022   0x2214             MOVS     R2,#+20
   \   00000024   0x.... 0x....      BL       __aeabi_memcpy4
   \   00000028   0xBC0F             POP      {R0-R3}
   \   0000002A   0x.... 0x....      BL       LPLD_GPIO_Init
    254          
    255          	if (PTD15_I) return 1;
   \   0000002E   0x....             LDR.N    R0,??DataTable4_23  ;; 0x43fe1a3c
   \   00000030   0x6800             LDR      R0,[R0, #+0]
   \   00000032   0x2800             CMP      R0,#+0
   \   00000034   0xD001             BEQ.N    ??testCar_0
   \   00000036   0x2001             MOVS     R0,#+1
   \   00000038   0xE000             B.N      ??testCar_1
    256          	else return 2;
   \                     ??testCar_0: (+1)
   \   0000003A   0x2002             MOVS     R0,#+2
   \                     ??testCar_1: (+1)
   \   0000003C   0xBD02             POP      {R1,PC}          ;; return
    257          }

   \                                 In section .bss, align 4
   \                     ??GPIO_InitStructure:
   \   00000000                      DS8 20

   \                                 In section .text, align 4, keep-with-next
   \                     ??DataTable4:
   \   00000000   0x........         DC32     carNum

   \                                 In section .text, align 4, keep-with-next
   \                     ??DataTable4_1:
   \   00000000   0x........         DC32     task

   \                                 In section .text, align 4, keep-with-next
   \                     ??DataTable4_2:
   \   00000000   0x........         DC32     uart

   \                                 In section .text, align 4, keep-with-next
   \                     ??DataTable4_3:
   \   00000000   0x........         DC32     oled

   \                                 In section .text, align 4, keep-with-next
   \                     ??DataTable4_4:
   \   00000000   0x........         DC32     led

   \                                 In section .text, align 4, keep-with-next
   \                     ??DataTable4_5:
   \   00000000   0x........         DC32     ledArray

   \                                 In section .text, align 4, keep-with-next
   \                     ??DataTable4_6:
   \   00000000   0x........         DC32     twinCore

   \                                 In section .text, align 4, keep-with-next
   \                     ??DataTable4_7:
   \   00000000   0x........         DC32     mpu6050

   \                                 In section .text, align 4, keep-with-next
   \                     ??DataTable4_8:
   \   00000000   0x........         DC32     camera

   \                                 In section .text, align 4, keep-with-next
   \                     ??DataTable4_9:
   \   00000000   0x........         DC32     ?_0

   \                                 In section .text, align 4, keep-with-next
   \                     ??DataTable4_10:
   \   00000000   0x........         DC32     ?_1

   \                                 In section .text, align 4, keep-with-next
   \                     ??DataTable4_11:
   \   00000000   0x........         DC32     ?_2

   \                                 In section .text, align 4, keep-with-next
   \                     ??DataTable4_12:
   \   00000000   0x........         DC32     ?_3

   \                                 In section .text, align 4, keep-with-next
   \                     ??DataTable4_13:
   \   00000000   0x........         DC32     ??state_led

   \                                 In section .text, align 4, keep-with-next
   \                     ??DataTable4_14:
   \   00000000   0x........         DC32     ??state_dir

   \                                 In section .text, align 4, keep-with-next
   \                     ??DataTable4_15:
   \   00000000   0x........         DC32     ui

   \                                 In section .text, align 4, keep-with-next
   \                     ??DataTable4_16:
   \   00000000   0x........         DC32     calc

   \                                 In section .text, align 4, keep-with-next
   \                     ??DataTable4_17:
   \   00000000   0x........         DC32     cnt_led

   \                                 In section .text, align 4, keep-with-next
   \                     ??DataTable4_18:
   \   00000000   0x........         DC32     ??NVIC_InitStructure

   \                                 In section .text, align 4, keep-with-next
   \                     ??DataTable4_19:
   \   00000000   0x........         DC32     ??PIT_InitStructure

   \                                 In section .text, align 4, keep-with-next
   \                     ??DataTable4_20:
   \   00000000   0x........         DC32     pit2_isr

   \                                 In section .text, align 4, keep-with-next
   \                     ??DataTable4_21:
   \   00000000   0x400FF0C0         DC32     0x400ff0c0

   \                                 In section .text, align 4, keep-with-next
   \                     ??DataTable4_22:
   \   00000000   0x........         DC32     ??GPIO_InitStructure

   \                                 In section .text, align 4, keep-with-next
   \                     ??DataTable4_23:
   \   00000000   0x43FE1A3C         DC32     0x43fe1a3c

   \                                 In section .rodata, align 4
   \                     ?_0:
   \   00000000   0x45 0x72          DC8 "Error: Camera 1."
   \              0x72 0x6F    
   \              0x72 0x3A    
   \              0x20 0x43    
   \              0x61 0x6D    
   \              0x65 0x72    
   \              0x61 0x20    
   \              0x31 0x2E    
   \              0x00         
   \   00000011   0x00 0x00          DC8 0, 0, 0
   \              0x00         

   \                                 In section .rodata, align 4
   \                     ?_1:
   \   00000000   0x45 0x72          DC8 "Error: Camera 2."
   \              0x72 0x6F    
   \              0x72 0x3A    
   \              0x20 0x43    
   \              0x61 0x6D    
   \              0x65 0x72    
   \              0x61 0x20    
   \              0x32 0x2E    
   \              0x00         
   \   00000011   0x00 0x00          DC8 0, 0, 0
   \              0x00         

   \                                 In section .rodata, align 4
   \                     ?_2:
   \   00000000   0x45 0x72          DC8 "Error: Camera 3."
   \              0x72 0x6F    
   \              0x72 0x3A    
   \              0x20 0x43    
   \              0x61 0x6D    
   \              0x65 0x72    
   \              0x61 0x20    
   \              0x33 0x2E    
   \              0x00         
   \   00000011   0x00 0x00          DC8 0, 0, 0
   \              0x00         

   \                                 In section .rodata, align 4
   \                     ?_3:
   \   00000000   0x45 0x72          DC8 "Error: Camera 4."
   \              0x72 0x6F    
   \              0x72 0x3A    
   \              0x20 0x43    
   \              0x61 0x6D    
   \              0x65 0x72    
   \              0x61 0x20    
   \              0x34 0x2E    
   \              0x00         
   \   00000011   0x00 0x00          DC8 0, 0, 0
   \              0x00         

   Maximum stack usage in bytes:

   .cstack Function
   ------- --------
       8   main
         8   -- Indirect call
         8   -> __aeabi_f2iz
         8   -> mpu_PIT2_Init
         8   -> showMyWords
         8   -> testCar
      24   mpu_PIT2_Init
         8   -> LPLD_NVIC_Init
         8   -> LPLD_PIT_EnableIrq
         8   -> LPLD_PIT_Init
        24   -> __aeabi_memcpy4
       8   pit2_isr
         8   -- Indirect call
       8   showMyWords
         8   -- Indirect call
      24   testCar
         8   -> LPLD_GPIO_Init
        24   -> __aeabi_memcpy4


   Section sizes:

   Bytes  Function/Label
   -----  --------------
       4  ??DataTable4
       4  ??DataTable4_1
       4  ??DataTable4_10
       4  ??DataTable4_11
       4  ??DataTable4_12
       4  ??DataTable4_13
       4  ??DataTable4_14
       4  ??DataTable4_15
       4  ??DataTable4_16
       4  ??DataTable4_17
       4  ??DataTable4_18
       4  ??DataTable4_19
       4  ??DataTable4_2
       4  ??DataTable4_20
       4  ??DataTable4_21
       4  ??DataTable4_22
       4  ??DataTable4_23
       4  ??DataTable4_3
       4  ??DataTable4_4
       4  ??DataTable4_5
       4  ??DataTable4_6
       4  ??DataTable4_7
       4  ??DataTable4_8
       4  ??DataTable4_9
      20  ?_0
      20  ?_1
      20  ?_2
      20  ?_3
      20  GPIO_InitStructure
      20  NVIC_InitStructure
      20  PIT_InitStructure
       4  carNum
       4  cnt_led
     590  main
     100  mpu_PIT2_Init
      12  pit2_isr
     144  showMyWords
       4  state_dir
       4  state_led
      62  testCar

 
    76 bytes in section .bss
    80 bytes in section .rodata
 1 004 bytes in section .text
 
 1 004 bytes of CODE  memory
    80 bytes of CONST memory
    76 bytes of DATA  memory

Errors: none
Warnings: none
