###############################################################################
#
# IAR ANSI C/C++ Compiler V7.50.1.10123/W32 for ARM       01/Aug/2018  12:09:49
# Copyright 1999-2015 IAR Systems AB.
#
#    Cpu mode     =  thumb
#    Endian       =  little
#    Source file  =  
#        C:\Users\ShowD\Desktop\LPHD\LPHD_camCore\LPHD_camCore\app\UI\UIStrings.c
#    Command line =  
#        C:\Users\ShowD\Desktop\LPHD\LPHD_camCore\LPHD_camCore\app\UI\UIStrings.c
#        -D LPLD_K60 -D USE_K60D10 -lCN
#        C:\Users\ShowD\Desktop\LPHD\LPHD_camCore\LPHD_camCore\iar\FLASH\List
#        -lB
#        C:\Users\ShowD\Desktop\LPHD\LPHD_camCore\LPHD_camCore\iar\FLASH\List
#        -o C:\Users\ShowD\Desktop\LPHD\LPHD_camCore\LPHD_camCore\iar\FLASH\Obj
#        --no_cse --no_unroll --no_inline --no_code_motion --no_tbaa
#        --no_clustering --no_scheduling --debug --endian=little
#        --cpu=Cortex-M4 -e --fpu=None --dlib_config "C:\Program Files
#        (x86)\IAR Systems\Embedded Workbench
#        7.3\arm\INC\c\DLib_Config_Normal.h" -I
#        C:\Users\ShowD\Desktop\LPHD\LPHD_camCore\LPHD_camCore\iar\..\app\ -I
#        C:\Users\ShowD\Desktop\LPHD\LPHD_camCore\LPHD_camCore\iar\..\app\camera\
#        -I
#        C:\Users\ShowD\Desktop\LPHD\LPHD_camCore\LPHD_camCore\iar\..\app\led\
#        -I
#        C:\Users\ShowD\Desktop\LPHD\LPHD_camCore\LPHD_camCore\iar\..\app\oled\
#        -I
#        C:\Users\ShowD\Desktop\LPHD\LPHD_camCore\LPHD_camCore\iar\..\app\task\
#        -I
#        C:\Users\ShowD\Desktop\LPHD\LPHD_camCore\LPHD_camCore\iar\..\app\uart\
#        -I
#        C:\Users\ShowD\Desktop\LPHD\LPHD_camCore\LPHD_camCore\iar\..\app\twinCore\
#        -I
#        C:\Users\ShowD\Desktop\LPHD\LPHD_camCore\LPHD_camCore\iar\..\app\mpu6050\
#        -I
#        C:\Users\ShowD\Desktop\LPHD\LPHD_camCore\LPHD_camCore\iar\..\app\nrf\
#        -I
#        C:\Users\ShowD\Desktop\LPHD\LPHD_camCore\LPHD_camCore\iar\..\app\calc\
#        -I
#        C:\Users\ShowD\Desktop\LPHD\LPHD_camCore\LPHD_camCore\iar\..\app\UI\
#        -I
#        C:\Users\ShowD\Desktop\LPHD\LPHD_camCore\LPHD_camCore\iar\..\app\ledArray\
#        -I
#        C:\Users\ShowD\Desktop\LPHD\LPHD_camCore\LPHD_camCore\iar\..\lib\CPU\
#        -I
#        C:\Users\ShowD\Desktop\LPHD\LPHD_camCore\LPHD_camCore\iar\..\lib\common\
#        -I
#        C:\Users\ShowD\Desktop\LPHD\LPHD_camCore\LPHD_camCore\iar\..\lib\LPLD\
#        -I
#        C:\Users\ShowD\Desktop\LPHD\LPHD_camCore\LPHD_camCore\iar\..\lib\LPLD\HW\
#        -I
#        C:\Users\ShowD\Desktop\LPHD\LPHD_camCore\LPHD_camCore\iar\..\lib\LPLD\DEV\
#        -I
#        C:\Users\ShowD\Desktop\LPHD\LPHD_camCore\LPHD_camCore\iar\..\lib\LPLD\FUNC\
#        -I
#        C:\Users\ShowD\Desktop\LPHD\LPHD_camCore\LPHD_camCore\iar\..\lib\uCOS-II\Ports\
#        -I
#        C:\Users\ShowD\Desktop\LPHD\LPHD_camCore\LPHD_camCore\iar\..\lib\uCOS-II\Source\
#        -I
#        C:\Users\ShowD\Desktop\LPHD\LPHD_camCore\LPHD_camCore\iar\..\lib\FatFs\
#        -I
#        C:\Users\ShowD\Desktop\LPHD\LPHD_camCore\LPHD_camCore\iar\..\lib\FatFs\option\
#        -I
#        C:\Users\ShowD\Desktop\LPHD\LPHD_camCore\LPHD_camCore\iar\..\lib\USB\common\
#        -I
#        C:\Users\ShowD\Desktop\LPHD\LPHD_camCore\LPHD_camCore\iar\..\lib\USB\driver\
#        -I
#        C:\Users\ShowD\Desktop\LPHD\LPHD_camCore\LPHD_camCore\iar\..\lib\USB\descriptor\
#        -I
#        C:\Users\ShowD\Desktop\LPHD\LPHD_camCore\LPHD_camCore\iar\..\lib\USB\class\
#        -Ol -I "C:\Program Files (x86)\IAR Systems\Embedded Workbench
#        7.3\arm\CMSIS\Include\" -D ARM_MATH_CM4
#    List file    =  
#        C:\Users\ShowD\Desktop\LPHD\LPHD_camCore\LPHD_camCore\iar\FLASH\List\UIStrings.lst
#    Object file  =  
#        C:\Users\ShowD\Desktop\LPHD\LPHD_camCore\LPHD_camCore\iar\FLASH\Obj\UIStrings.o
#
###############################################################################

C:\Users\ShowD\Desktop\LPHD\LPHD_camCore\LPHD_camCore\app\UI\UIStrings.c
      1          #include "UIStrings.h"
      2          
      3          /********************************************************************/
      4          

   \                                 In section .data, align 4
      5          unsigned char UI_Menu[8][22] =
   \                     UI_Menu:
   \   00000000   0x20 0x20          DC8 "    Image calculated "
   \              0x20 0x20    
   \              0x49 0x6D    
   \              0x61 0x67    
   \              0x65 0x20    
   \              0x63 0x61    
   \              0x6C 0x63    
   \              0x75 0x6C    
   \              0x61 0x74    
   \              0x65 0x64    
   \              0x20 0x00    
   \   00000016   0x20 0x20          DC8 "    Image original   "
   \              0x20 0x20    
   \              0x49 0x6D    
   \              0x61 0x67    
   \              0x65 0x20    
   \              0x6F 0x72    
   \              0x69 0x67    
   \              0x69 0x6E    
   \              0x61 0x6C    
   \              0x20 0x20    
   \              0x20 0x00    
   \   0000002C   0x20 0x20          DC8 "    PID params       "
   \              0x20 0x20    
   \              0x50 0x49    
   \              0x44 0x20    
   \              0x70 0x61    
   \              0x72 0x61    
   \              0x6D 0x73    
   \              0x20 0x20    
   \              0x20 0x20    
   \              0x20 0x20    
   \              0x20 0x00    
   \   00000042   0x20 0x20          DC8 "    Speeds           "
   \              0x20 0x20    
   \              0x53 0x70    
   \              0x65 0x65    
   \              0x64 0x73    
   \              0x20 0x20    
   \              0x20 0x20    
   \              0x20 0x20    
   \              0x20 0x20    
   \              0x20 0x20    
   \              0x20 0x00    
   \   00000058   0x20 0x20          DC8 "    Control set      "
   \              0x20 0x20    
   \              0x43 0x6F    
   \              0x6E 0x74    
   \              0x72 0x6F    
   \              0x6C 0x20    
   \              0x73 0x65    
   \              0x74 0x20    
   \              0x20 0x20    
   \              0x20 0x20    
   \              0x20 0x00    
   \   0000006E   0x20 0x20          DC8 "    ADC result       "
   \              0x20 0x20    
   \              0x41 0x44    
   \              0x43 0x20    
   \              0x72 0x65    
   \              0x73 0x75    
   \              0x6C 0x74    
   \              0x20 0x20    
   \              0x20 0x20    
   \              0x20 0x20    
   \              0x20 0x00    
   \   00000084   0x20 0x20          DC8 "    Two Car zuo ON   "
   \              0x20 0x20    
   \              0x54 0x77    
   \              0x6F 0x20    
   \              0x43 0x61    
   \              0x72 0x20    
   \              0x7A 0x75    
   \              0x6F 0x20    
   \              0x4F 0x4E    
   \              0x20 0x20    
   \              0x20 0x00    
   \   0000009A   0x20 0x20          DC8 "    Save all params  "
   \              0x20 0x20    
   \              0x53 0x61    
   \              0x76 0x65    
   \              0x20 0x61    
   \              0x6C 0x6C    
   \              0x20 0x70    
   \              0x61 0x72    
   \              0x61 0x6D    
   \              0x73 0x20    
   \              0x20 0x00    
      6          {
      7          	"    Image calculated ",
      8          	"    Image original   ",
      9          	"    PID params       ",
     10          	"    Speeds           ",
     11          	"    Control set      ",
     12          	"    ADC result       ",
     13          	"    Two Car zuo ON   ",
     14          	"    Save all params  "
     15          };


   Section sizes:

   Bytes  Function/Label
   -----  --------------
     176  UI_Menu

 
 176 bytes in section .data
 
 176 bytes of DATA memory

Errors: none
Warnings: none
